#
# There is insufficient memory for the Java Runtime Environment to continue.
# Native memory allocation (malloc) failed to allocate 1487536 bytes for Chunk::new
# Possible reasons:
#   The system is out of physical RAM or swap space
#   The process is running with CompressedOops enabled, and the Java Heap may be blocking the growth of the native heap
# Possible solutions:
#   Reduce memory load on the system
#   Increase physical memory or swap space
#   Check if swap backing store is full
#   Decrease Java heap size (-Xmx/-Xms)
#   Decrease number of Java threads
#   Decrease Java thread stack sizes (-Xss)
#   Set larger code cache with -XX:ReservedCodeCacheSize=
#   JVM is running with Unscaled Compressed Oops mode in which the Java heap is
#     placed in the first 4GB address space. The Java Heap base address is the
#     maximum limit for the native heap growth. Please use -XX:HeapBaseMinAddress
#     to set the Java Heap base and to place the Java Heap above 4GB virtual address.
# This output file may be truncated or incomplete.
#
#  Out of Memory Error (arena.cpp:184), pid=10856, tid=11492
#
# JRE version: Java(TM) SE Runtime Environment (19.0+36) (build 19+36-2238)
# Java VM: Java HotSpot(TM) 64-Bit Server VM (19+36-2238, mixed mode, sharing, tiered, compressed oops, compressed class ptrs, g1 gc, windows-amd64)
# No core dump will be written. Minidumps are not enabled by default on client versions of Windows
#

---------------  S U M M A R Y ------------

Command Line: -javaagent:C:\Program Files\JetBrains\IntelliJ IDEA Community Edition 2022.2.3\lib\idea_rt.jar=53467:C:\Program Files\JetBrains\IntelliJ IDEA Community Edition 2022.2.3\bin -Dfile.encoding=UTF-8 -Dsun.stdout.encoding=UTF-8 -Dsun.stderr.encoding=UTF-8 com.shubhamInstaWeb.InstagramApplication

Host: AMD Ryzen 5 2500U with Radeon Vega Mobile Gfx  , 8 cores, 3G,  Windows 10 , 64 bit Build 18362 (10.0.18362.1110)
Time: Fri Jan  5 12:48:10 2024 India Standard Time elapsed time: 631.657095 seconds (0d 0h 10m 31s)

---------------  T H R E A D  ---------------

Current thread (0x0000014312d50270):  JavaThread "C2 CompilerThread0" daemon [_thread_in_native, id=11492, stack(0x0000001c61b00000,0x0000001c61c00000)]


Current CompileTask:
C2: 631658 11044       4       org.springframework.web.filter.CorsFilter::doFilterInternal (49 bytes)

Stack: [0x0000001c61b00000,0x0000001c61c00000]
Native frames: (J=compiled Java code, j=interpreted, Vv=VM code, C=native code)
V  [jvm.dll+0x6ee8fa]
V  [jvm.dll+0x857a1e]
V  [jvm.dll+0x85940e]
V  [jvm.dll+0x859ac3]
V  [jvm.dll+0x28291f]
V  [jvm.dll+0xc9b5f]
V  [jvm.dll+0xc9ee5]
V  [jvm.dll+0x3bcb72]
V  [jvm.dll+0x386201]
V  [jvm.dll+0x38567a]
V  [jvm.dll+0x24c2c9]
V  [jvm.dll+0x24b671]
V  [jvm.dll+0x1d6d61]
V  [jvm.dll+0x25b0fa]
V  [jvm.dll+0x259588]
V  [jvm.dll+0x807928]
V  [jvm.dll+0x8015fa]
V  [jvm.dll+0x6ed5eb]
C  [ucrtbase.dll+0x210b2]
C  [KERNEL32.DLL+0x17c24]
C  [ntdll.dll+0x6d4d1]


---------------  P R O C E S S  ---------------

Threads class SMR info:
_java_thread_list=0x0000014317e40180, length=32, elements={
0x0000014312d34d10, 0x0000014312d35710, 0x0000014312d39b60, 0x0000014312d3b2b0,
0x0000014312d3dd10, 0x0000014312d3e390, 0x0000014312d50270, 0x0000014312d71a90,
0x0000014317038010, 0x0000014312d0ab30, 0x000001431727dac0, 0x000001431727e400,
0x0000014317856340, 0x0000014317853e10, 0x0000014317853370, 0x0000014317856890,
0x00000143178538c0, 0x0000014317854360, 0x00000143178548b0, 0x000001431af786a0,
0x000001431af7c110, 0x000001431af7a130, 0x000001431af79be0, 0x000001431af78bf0,
0x000001431af7a680, 0x000001431af7eb90, 0x000001431af7c660, 0x000001431af7dba0,
0x000001431af7cbb0, 0x000001431af7abd0, 0x000001431af77160, 0x000001431af7e0f0
}

Java Threads: ( => current thread )
  0x0000014312d34d10 JavaThread "Reference Handler" daemon [_thread_blocked, id=5448, stack(0x0000001c61500000,0x0000001c61600000)]
  0x0000014312d35710 JavaThread "Finalizer" daemon [_thread_blocked, id=5864, stack(0x0000001c61600000,0x0000001c61700000)]
  0x0000014312d39b60 JavaThread "Signal Dispatcher" daemon [_thread_blocked, id=9152, stack(0x0000001c61700000,0x0000001c61800000)]
  0x0000014312d3b2b0 JavaThread "Attach Listener" daemon [_thread_blocked, id=11060, stack(0x0000001c61800000,0x0000001c61900000)]
  0x0000014312d3dd10 JavaThread "Service Thread" daemon [_thread_blocked, id=10512, stack(0x0000001c61900000,0x0000001c61a00000)]
  0x0000014312d3e390 JavaThread "Monitor Deflation Thread" daemon [_thread_blocked, id=8072, stack(0x0000001c61a00000,0x0000001c61b00000)]
=>0x0000014312d50270 JavaThread "C2 CompilerThread0" daemon [_thread_in_native, id=11492, stack(0x0000001c61b00000,0x0000001c61c00000)]
  0x0000014312d71a90 JavaThread "C1 CompilerThread0" daemon [_thread_blocked, id=8316, stack(0x0000001c61c00000,0x0000001c61d00000)]
  0x0000014317038010 JavaThread "Sweeper thread" daemon [_thread_blocked, id=4672, stack(0x0000001c61d00000,0x0000001c61e00000)]
  0x0000014312d0ab30 JavaThread "Common-Cleaner" daemon [_thread_blocked, id=6228, stack(0x0000001c61e00000,0x0000001c61f00000)]
  0x000001431727dac0 JavaThread "Monitor Ctrl-Break" daemon [_thread_in_native, id=3128, stack(0x0000001c61f00000,0x0000001c62000000)]
  0x000001431727e400 JavaThread "Notification Thread" daemon [_thread_blocked, id=11948, stack(0x0000001c62000000,0x0000001c62100000)]
  0x0000014317856340 JavaThread "Catalina-utility-1" [_thread_blocked, id=6840, stack(0x0000001c62c00000,0x0000001c62d00000)]
  0x0000014317853e10 JavaThread "Catalina-utility-2" [_thread_blocked, id=4904, stack(0x0000001c62d00000,0x0000001c62e00000)]
  0x0000014317853370 JavaThread "container-0" [_thread_blocked, id=6760, stack(0x0000001c62e00000,0x0000001c62f00000)]
  0x0000014317856890 JavaThread "mysql-cj-abandoned-connection-cleanup" daemon [_thread_blocked, id=5284, stack(0x0000001c62f00000,0x0000001c63000000)]
  0x00000143178538c0 JavaThread "HikariPool-1 housekeeper" daemon [_thread_blocked, id=12492, stack(0x0000001c63100000,0x0000001c63200000)]
  0x0000014317854360 JavaThread "File Watcher" daemon [_thread_blocked, id=9824, stack(0x0000001c63200000,0x0000001c63300000)]
  0x00000143178548b0 JavaThread "Live Reload Server" daemon [_thread_in_native, id=5920, stack(0x0000001c63600000,0x0000001c63700000)]
  0x000001431af786a0 JavaThread "http-nio-8080-exec-1" daemon [_thread_blocked, id=6680, stack(0x0000001c63500000,0x0000001c63600000)]
  0x000001431af7c110 JavaThread "http-nio-8080-exec-2" daemon [_thread_in_Java, id=11380, stack(0x0000001c63700000,0x0000001c63800000)]
  0x000001431af7a130 JavaThread "http-nio-8080-exec-3" daemon [_thread_in_Java, id=11648, stack(0x0000001c63800000,0x0000001c63900000)]
  0x000001431af79be0 JavaThread "http-nio-8080-exec-4" daemon [_thread_blocked, id=12452, stack(0x0000001c63900000,0x0000001c63a00000)]
  0x000001431af78bf0 JavaThread "http-nio-8080-exec-5" daemon [_thread_blocked, id=10004, stack(0x0000001c63a00000,0x0000001c63b00000)]
  0x000001431af7a680 JavaThread "http-nio-8080-exec-6" daemon [_thread_in_vm, id=11384, stack(0x0000001c63b00000,0x0000001c63c00000)]
  0x000001431af7eb90 JavaThread "http-nio-8080-exec-7" daemon [_thread_in_vm, id=6388, stack(0x0000001c63c00000,0x0000001c63d00000)]
  0x000001431af7c660 JavaThread "http-nio-8080-exec-8" daemon [_thread_in_native, id=11316, stack(0x0000001c63d00000,0x0000001c63e00000)]
  0x000001431af7dba0 JavaThread "http-nio-8080-exec-9" daemon [_thread_in_Java, id=11892, stack(0x0000001c63e00000,0x0000001c63f00000)]
  0x000001431af7cbb0 JavaThread "http-nio-8080-exec-10" daemon [_thread_blocked, id=5380, stack(0x0000001c63f00000,0x0000001c64000000)]
  0x000001431af7abd0 JavaThread "http-nio-8080-Poller" daemon [_thread_in_native, id=12824, stack(0x0000001c64000000,0x0000001c64100000)]
  0x000001431af77160 JavaThread "http-nio-8080-Acceptor" daemon [_thread_in_native, id=4312, stack(0x0000001c64100000,0x0000001c64200000)]
  0x000001431af7e0f0 JavaThread "DestroyJavaVM" [_thread_blocked, id=3336, stack(0x0000001c60e00000,0x0000001c60f00000)]

Other Threads:
  0x0000014312d19960 VMThread "VM Thread" [stack: 0x0000001c61400000,0x0000001c61500000] [id=13204]
  0x00000143173f6d20 WatcherThread "VM Periodic Task Thread" [stack: 0x0000001c62100000,0x0000001c62200000] [id=5040]
  0x0000014376ebb360 WorkerThread "GC Thread#0" [stack: 0x0000001c60f00000,0x0000001c61000000] [id=8440]
  0x0000014317b98790 WorkerThread "GC Thread#1" [stack: 0x0000001c62400000,0x0000001c62500000] [id=9756]
  0x0000014317ba84f0 WorkerThread "GC Thread#2" [stack: 0x0000001c62500000,0x0000001c62600000] [id=11020]
  0x0000014317bd8fa0 WorkerThread "GC Thread#3" [stack: 0x0000001c62600000,0x0000001c62700000] [id=8272]
  0x0000014317bd9810 WorkerThread "GC Thread#4" [stack: 0x0000001c62700000,0x0000001c62800000] [id=7100]
  0x0000014317bd8460 WorkerThread "GC Thread#5" [stack: 0x0000001c62800000,0x0000001c62900000] [id=12792]
  0x0000014317bda080 WorkerThread "GC Thread#6" [stack: 0x0000001c62900000,0x0000001c62a00000] [id=7576]
  0x0000014317bd9270 WorkerThread "GC Thread#7" [stack: 0x0000001c62a00000,0x0000001c62b00000] [id=9708]
  0x0000014376ec4a10 ConcurrentGCThread "G1 Main Marker" [stack: 0x0000001c61000000,0x0000001c61100000] [id=12016]
  0x0000014376ec5b60 WorkerThread "G1 Conc#0" [stack: 0x0000001c61100000,0x0000001c61200000] [id=8104]
  0x0000014317bd9db0 WorkerThread "G1 Conc#1" [stack: 0x0000001c62b00000,0x0000001c62c00000] [id=2600]
  0x0000014312bdc5b0 ConcurrentGCThread "G1 Refine#0" [stack: 0x0000001c61200000,0x0000001c61300000] [id=7392]
  0x0000014312bdec20 ConcurrentGCThread "G1 Service" [stack: 0x0000001c61300000,0x0000001c61400000] [id=12008]

Threads with active compile tasks:
C2 CompilerThread0   631795 11044       4       org.springframework.web.filter.CorsFilter::doFilterInternal (49 bytes)

VM state: not at safepoint (normal execution)

VM Mutex/Monitor currently owned by a thread: None

Heap address: 0x00000000c8c00000, size: 884 MB, Compressed Oops mode: 32-bit

CDS archive(s) mapped at: [0x0000000800000000-0x0000000800c40000-0x0000000800c40000), size 12845056, SharedBaseAddress: 0x0000000800000000, ArchiveRelocationMode: 0.
Compressed class space mapped at: 0x0000000801000000-0x0000000841000000, reserved size: 1073741824
Narrow klass base: 0x0000000800000000, Narrow klass shift: 0, Narrow klass range: 0x100000000

GC Precious Log:
 CardTable entry size: 512
 Card Set container configuration: InlinePtr #cards 5 size 8 Array Of Cards #cards 12 size 40 Howl #buckets 4 coarsen threshold 1843 Howl Bitmap #cards 512 size 80 coarsen threshold 460 Card regions per heap region 1 cards per card region 2048
 CPUs: 8 total, 8 available
 Memory: 3533M
 Large Page Support: Disabled
 NUMA Support: Disabled
 Compressed Oops: Enabled (32-bit)
 Heap Region Size: 1M
 Heap Min Capacity: 8M
 Heap Initial Capacity: 56M
 Heap Max Capacity: 884M
 Pre-touch: Disabled
 Parallel Workers: 8
 Concurrent Workers: 2
 Concurrent Refinement Workers: 8
 Periodic GC: Disabled

Heap:
 garbage-first heap   total 200704K, used 57674K [0x00000000c8c00000, 0x0000000100000000)
  region size 1024K, 30 young (30720K), 1 survivors (1024K)
 Metaspace       used 69151K, committed 69568K, reserved 1114112K
  class space    used 8643K, committed 8832K, reserved 1048576K

Heap Regions: E=young(eden), S=young(survivor), O=old, HS=humongous(starts), HC=humongous(continues), CS=collection set, F=free, OA=open archive, CA=closed archive, TAMS=top-at-mark-start (previous, next)
|   0|0x00000000c8c00000, 0x00000000c8d00000, 0x00000000c8d00000|100%|HS|  |TAMS 0x00000000c8d00000, 0x00000000c8c00000| Complete 
|   1|0x00000000c8d00000, 0x00000000c8e00000, 0x00000000c8e00000|100%| O|  |TAMS 0x00000000c8e00000, 0x00000000c8d00000| Untracked 
|   2|0x00000000c8e00000, 0x00000000c8f00000, 0x00000000c8f00000|100%| O|  |TAMS 0x00000000c8f00000, 0x00000000c8e00000| Untracked 
|   3|0x00000000c8f00000, 0x00000000c9000000, 0x00000000c9000000|100%| O|  |TAMS 0x00000000c9000000, 0x00000000c8f00000| Untracked 
|   4|0x00000000c9000000, 0x00000000c9100000, 0x00000000c9100000|100%| O|  |TAMS 0x00000000c9100000, 0x00000000c9000000| Untracked 
|   5|0x00000000c9100000, 0x00000000c9200000, 0x00000000c9200000|100%| O|  |TAMS 0x00000000c9200000, 0x00000000c9100000| Untracked 
|   6|0x00000000c9200000, 0x00000000c9300000, 0x00000000c9300000|100%| O|  |TAMS 0x00000000c9300000, 0x00000000c9200000| Untracked 
|   7|0x00000000c9300000, 0x00000000c9400000, 0x00000000c9400000|100%| O|  |TAMS 0x00000000c9400000, 0x00000000c9300000| Untracked 
|   8|0x00000000c9400000, 0x00000000c9500000, 0x00000000c9500000|100%| O|  |TAMS 0x00000000c9500000, 0x00000000c9400000| Untracked 
|   9|0x00000000c9500000, 0x00000000c9600000, 0x00000000c9600000|100%| O|  |TAMS 0x00000000c9600000, 0x00000000c9500000| Untracked 
|  10|0x00000000c9600000, 0x00000000c9700000, 0x00000000c9700000|100%| O|  |TAMS 0x00000000c9700000, 0x00000000c9600000| Untracked 
|  11|0x00000000c9700000, 0x00000000c9800000, 0x00000000c9800000|100%| O|  |TAMS 0x00000000c9800000, 0x00000000c9700000| Untracked 
|  12|0x00000000c9800000, 0x00000000c9900000, 0x00000000c9900000|100%| O|  |TAMS 0x00000000c9900000, 0x00000000c9800000| Untracked 
|  13|0x00000000c9900000, 0x00000000c9a00000, 0x00000000c9a00000|100%| O|  |TAMS 0x00000000c9a00000, 0x00000000c9900000| Untracked 
|  14|0x00000000c9a00000, 0x00000000c9b00000, 0x00000000c9b00000|100%| O|  |TAMS 0x00000000c9b00000, 0x00000000c9a00000| Untracked 
|  15|0x00000000c9b00000, 0x00000000c9c00000, 0x00000000c9c00000|100%| O|  |TAMS 0x00000000c9c00000, 0x00000000c9b00000| Untracked 
|  16|0x00000000c9c00000, 0x00000000c9d00000, 0x00000000c9d00000|100%| O|  |TAMS 0x00000000c9d00000, 0x00000000c9c00000| Untracked 
|  17|0x00000000c9d00000, 0x00000000c9e00000, 0x00000000c9e00000|100%| O|  |TAMS 0x00000000c9e00000, 0x00000000c9d00000| Untracked 
|  18|0x00000000c9e00000, 0x00000000c9f00000, 0x00000000c9f00000|100%| O|  |TAMS 0x00000000c9f00000, 0x00000000c9e00000| Untracked 
|  19|0x00000000c9f00000, 0x00000000ca000000, 0x00000000ca000000|100%| O|  |TAMS 0x00000000c9f36e00, 0x00000000c9f00000| Untracked 
|  20|0x00000000ca000000, 0x00000000ca100000, 0x00000000ca100000|100%| O|  |TAMS 0x00000000ca100000, 0x00000000ca000000| Untracked 
|  21|0x00000000ca100000, 0x00000000ca200000, 0x00000000ca200000|100%| O|  |TAMS 0x00000000ca200000, 0x00000000ca100000| Untracked 
|  22|0x00000000ca200000, 0x00000000ca300000, 0x00000000ca300000|100%| O|  |TAMS 0x00000000ca300000, 0x00000000ca200000| Untracked 
|  23|0x00000000ca300000, 0x00000000ca300000, 0x00000000ca400000|  0%| F|  |TAMS 0x00000000ca300000, 0x00000000ca300000| Untracked 
|  24|0x00000000ca400000, 0x00000000ca500000, 0x00000000ca500000|100%| O|  |TAMS 0x00000000ca500000, 0x00000000ca400000| Untracked 
|  25|0x00000000ca500000, 0x00000000ca600000, 0x00000000ca600000|100%| O|  |TAMS 0x00000000ca600000, 0x00000000ca500000| Untracked 
|  26|0x00000000ca600000, 0x00000000ca700000, 0x00000000ca700000|100%| O|  |TAMS 0x00000000ca700000, 0x00000000ca600000| Untracked 
|  27|0x00000000ca700000, 0x00000000ca792400, 0x00000000ca800000| 57%| O|  |TAMS 0x00000000ca700000, 0x00000000ca700000| Untracked 
|  28|0x00000000ca800000, 0x00000000ca900000, 0x00000000ca900000|100%| O|  |TAMS 0x00000000ca900000, 0x00000000ca800000| Untracked 
|  29|0x00000000ca900000, 0x00000000caa00000, 0x00000000caa00000|100%| O|  |TAMS 0x00000000caa00000, 0x00000000ca900000| Untracked 
|  30|0x00000000caa00000, 0x00000000caa00000, 0x00000000cab00000|  0%| F|  |TAMS 0x00000000caa00000, 0x00000000caa00000| Untracked 
|  31|0x00000000cab00000, 0x00000000cab00000, 0x00000000cac00000|  0%| F|  |TAMS 0x00000000cab00000, 0x00000000cab00000| Untracked 
|  32|0x00000000cac00000, 0x00000000cac00000, 0x00000000cad00000|  0%| F|  |TAMS 0x00000000cac00000, 0x00000000cac00000| Untracked 
|  33|0x00000000cad00000, 0x00000000cad00000, 0x00000000cae00000|  0%| F|  |TAMS 0x00000000cad00000, 0x00000000cad00000| Untracked 
|  34|0x00000000cae00000, 0x00000000cae00000, 0x00000000caf00000|  0%| F|  |TAMS 0x00000000cae00000, 0x00000000cae00000| Untracked 
|  35|0x00000000caf00000, 0x00000000caf00000, 0x00000000cb000000|  0%| F|  |TAMS 0x00000000caf00000, 0x00000000caf00000| Untracked 
|  36|0x00000000cb000000, 0x00000000cb000000, 0x00000000cb100000|  0%| F|  |TAMS 0x00000000cb000000, 0x00000000cb000000| Untracked 
|  37|0x00000000cb100000, 0x00000000cb100000, 0x00000000cb200000|  0%| F|  |TAMS 0x00000000cb100000, 0x00000000cb100000| Untracked 
|  38|0x00000000cb200000, 0x00000000cb200000, 0x00000000cb300000|  0%| F|  |TAMS 0x00000000cb200000, 0x00000000cb200000| Untracked 
|  39|0x00000000cb300000, 0x00000000cb300000, 0x00000000cb400000|  0%| F|  |TAMS 0x00000000cb300000, 0x00000000cb300000| Untracked 
|  40|0x00000000cb400000, 0x00000000cb400000, 0x00000000cb500000|  0%| F|  |TAMS 0x00000000cb400000, 0x00000000cb400000| Untracked 
|  41|0x00000000cb500000, 0x00000000cb500000, 0x00000000cb600000|  0%| F|  |TAMS 0x00000000cb500000, 0x00000000cb500000| Untracked 
|  42|0x00000000cb600000, 0x00000000cb600000, 0x00000000cb700000|  0%| F|  |TAMS 0x00000000cb600000, 0x00000000cb600000| Untracked 
|  43|0x00000000cb700000, 0x00000000cb700000, 0x00000000cb800000|  0%| F|  |TAMS 0x00000000cb700000, 0x00000000cb700000| Untracked 
|  44|0x00000000cb800000, 0x00000000cb800000, 0x00000000cb900000|  0%| F|  |TAMS 0x00000000cb800000, 0x00000000cb800000| Untracked 
|  45|0x00000000cb900000, 0x00000000cb900000, 0x00000000cba00000|  0%| F|  |TAMS 0x00000000cb900000, 0x00000000cb900000| Untracked 
|  46|0x00000000cba00000, 0x00000000cba00000, 0x00000000cbb00000|  0%| F|  |TAMS 0x00000000cba00000, 0x00000000cba00000| Untracked 
|  47|0x00000000cbb00000, 0x00000000cbb00000, 0x00000000cbc00000|  0%| F|  |TAMS 0x00000000cbb00000, 0x00000000cbb00000| Untracked 
|  48|0x00000000cbc00000, 0x00000000cbc00000, 0x00000000cbd00000|  0%| F|  |TAMS 0x00000000cbc00000, 0x00000000cbc00000| Untracked 
|  49|0x00000000cbd00000, 0x00000000cbd00000, 0x00000000cbe00000|  0%| F|  |TAMS 0x00000000cbd00000, 0x00000000cbd00000| Untracked 
|  50|0x00000000cbe00000, 0x00000000cbe00000, 0x00000000cbf00000|  0%| F|  |TAMS 0x00000000cbe00000, 0x00000000cbe00000| Untracked 
|  51|0x00000000cbf00000, 0x00000000cbf00000, 0x00000000cc000000|  0%| F|  |TAMS 0x00000000cbf00000, 0x00000000cbf00000| Untracked 
|  52|0x00000000cc000000, 0x00000000cc000000, 0x00000000cc100000|  0%| F|  |TAMS 0x00000000cc000000, 0x00000000cc000000| Untracked 
|  53|0x00000000cc100000, 0x00000000cc100000, 0x00000000cc200000|  0%| F|  |TAMS 0x00000000cc100000, 0x00000000cc100000| Untracked 
|  54|0x00000000cc200000, 0x00000000cc200000, 0x00000000cc300000|  0%| F|  |TAMS 0x00000000cc200000, 0x00000000cc200000| Untracked 
|  55|0x00000000cc300000, 0x00000000cc300000, 0x00000000cc400000|  0%| F|  |TAMS 0x00000000cc300000, 0x00000000cc300000| Untracked 
|  56|0x00000000cc400000, 0x00000000cc400000, 0x00000000cc500000|  0%| F|  |TAMS 0x00000000cc400000, 0x00000000cc400000| Untracked 
|  57|0x00000000cc500000, 0x00000000cc500000, 0x00000000cc600000|  0%| F|  |TAMS 0x00000000cc500000, 0x00000000cc500000| Untracked 
|  58|0x00000000cc600000, 0x00000000cc600000, 0x00000000cc700000|  0%| F|  |TAMS 0x00000000cc600000, 0x00000000cc600000| Untracked 
|  59|0x00000000cc700000, 0x00000000cc700000, 0x00000000cc800000|  0%| F|  |TAMS 0x00000000cc700000, 0x00000000cc700000| Untracked 
|  60|0x00000000cc800000, 0x00000000cc800000, 0x00000000cc900000|  0%| F|  |TAMS 0x00000000cc800000, 0x00000000cc800000| Untracked 
|  61|0x00000000cc900000, 0x00000000cc900000, 0x00000000cca00000|  0%| F|  |TAMS 0x00000000cc900000, 0x00000000cc900000| Untracked 
|  62|0x00000000cca00000, 0x00000000cca00000, 0x00000000ccb00000|  0%| F|  |TAMS 0x00000000cca00000, 0x00000000cca00000| Untracked 
|  63|0x00000000ccb00000, 0x00000000ccb00000, 0x00000000ccc00000|  0%| F|  |TAMS 0x00000000ccb00000, 0x00000000ccb00000| Untracked 
|  64|0x00000000ccc00000, 0x00000000ccc00000, 0x00000000ccd00000|  0%| F|  |TAMS 0x00000000ccc00000, 0x00000000ccc00000| Untracked 
|  65|0x00000000ccd00000, 0x00000000ccd00000, 0x00000000cce00000|  0%| F|  |TAMS 0x00000000ccd00000, 0x00000000ccd00000| Untracked 
|  66|0x00000000cce00000, 0x00000000cce00000, 0x00000000ccf00000|  0%| F|  |TAMS 0x00000000cce00000, 0x00000000cce00000| Untracked 
|  67|0x00000000ccf00000, 0x00000000ccf00000, 0x00000000cd000000|  0%| F|  |TAMS 0x00000000ccf00000, 0x00000000ccf00000| Untracked 
|  68|0x00000000cd000000, 0x00000000cd000000, 0x00000000cd100000|  0%| F|  |TAMS 0x00000000cd000000, 0x00000000cd000000| Untracked 
|  69|0x00000000cd100000, 0x00000000cd100000, 0x00000000cd200000|  0%| F|  |TAMS 0x00000000cd100000, 0x00000000cd100000| Untracked 
|  70|0x00000000cd200000, 0x00000000cd200000, 0x00000000cd300000|  0%| F|  |TAMS 0x00000000cd200000, 0x00000000cd200000| Untracked 
|  71|0x00000000cd300000, 0x00000000cd300000, 0x00000000cd400000|  0%| F|  |TAMS 0x00000000cd300000, 0x00000000cd300000| Untracked 
|  72|0x00000000cd400000, 0x00000000cd400000, 0x00000000cd500000|  0%| F|  |TAMS 0x00000000cd400000, 0x00000000cd400000| Untracked 
|  73|0x00000000cd500000, 0x00000000cd500000, 0x00000000cd600000|  0%| F|  |TAMS 0x00000000cd500000, 0x00000000cd500000| Untracked 
|  74|0x00000000cd600000, 0x00000000cd600000, 0x00000000cd700000|  0%| F|  |TAMS 0x00000000cd600000, 0x00000000cd600000| Untracked 
|  75|0x00000000cd700000, 0x00000000cd700000, 0x00000000cd800000|  0%| F|  |TAMS 0x00000000cd700000, 0x00000000cd700000| Untracked 
|  76|0x00000000cd800000, 0x00000000cd800000, 0x00000000cd900000|  0%| F|  |TAMS 0x00000000cd800000, 0x00000000cd800000| Untracked 
|  77|0x00000000cd900000, 0x00000000cd900000, 0x00000000cda00000|  0%| F|  |TAMS 0x00000000cd900000, 0x00000000cd900000| Untracked 
|  78|0x00000000cda00000, 0x00000000cdac06f0, 0x00000000cdb00000| 75%| S|CS|TAMS 0x00000000cda00000, 0x00000000cda00000| Complete 
|  79|0x00000000cdb00000, 0x00000000cdb00000, 0x00000000cdc00000|  0%| F|  |TAMS 0x00000000cdb00000, 0x00000000cdb00000| Untracked 
|  80|0x00000000cdc00000, 0x00000000cdc00000, 0x00000000cdd00000|  0%| F|  |TAMS 0x00000000cdc00000, 0x00000000cdc00000| Untracked 
|  81|0x00000000cdd00000, 0x00000000cdd00000, 0x00000000cde00000|  0%| F|  |TAMS 0x00000000cdd00000, 0x00000000cdd00000| Untracked 
|  82|0x00000000cde00000, 0x00000000cde00000, 0x00000000cdf00000|  0%| F|  |TAMS 0x00000000cde00000, 0x00000000cde00000| Untracked 
|  83|0x00000000cdf00000, 0x00000000cdf00000, 0x00000000ce000000|  0%| F|  |TAMS 0x00000000cdf00000, 0x00000000cdf00000| Untracked 
|  84|0x00000000ce000000, 0x00000000ce000000, 0x00000000ce100000|  0%| F|  |TAMS 0x00000000ce000000, 0x00000000ce000000| Untracked 
|  85|0x00000000ce100000, 0x00000000ce100000, 0x00000000ce200000|  0%| F|  |TAMS 0x00000000ce100000, 0x00000000ce100000| Untracked 
|  86|0x00000000ce200000, 0x00000000ce200000, 0x00000000ce300000|  0%| F|  |TAMS 0x00000000ce200000, 0x00000000ce200000| Untracked 
|  87|0x00000000ce300000, 0x00000000ce300000, 0x00000000ce400000|  0%| F|  |TAMS 0x00000000ce300000, 0x00000000ce300000| Untracked 
|  88|0x00000000ce400000, 0x00000000ce400000, 0x00000000ce500000|  0%| F|  |TAMS 0x00000000ce400000, 0x00000000ce400000| Untracked 
|  89|0x00000000ce500000, 0x00000000ce500000, 0x00000000ce600000|  0%| F|  |TAMS 0x00000000ce500000, 0x00000000ce500000| Untracked 
|  90|0x00000000ce600000, 0x00000000ce600000, 0x00000000ce700000|  0%| F|  |TAMS 0x00000000ce600000, 0x00000000ce600000| Untracked 
|  91|0x00000000ce700000, 0x00000000ce700000, 0x00000000ce800000|  0%| F|  |TAMS 0x00000000ce700000, 0x00000000ce700000| Untracked 
|  92|0x00000000ce800000, 0x00000000ce800000, 0x00000000ce900000|  0%| F|  |TAMS 0x00000000ce800000, 0x00000000ce800000| Untracked 
|  93|0x00000000ce900000, 0x00000000ce900000, 0x00000000cea00000|  0%| F|  |TAMS 0x00000000ce900000, 0x00000000ce900000| Untracked 
|  94|0x00000000cea00000, 0x00000000cea00000, 0x00000000ceb00000|  0%| F|  |TAMS 0x00000000cea00000, 0x00000000cea00000| Untracked 
|  95|0x00000000ceb00000, 0x00000000ceb00000, 0x00000000cec00000|  0%| F|  |TAMS 0x00000000ceb00000, 0x00000000ceb00000| Untracked 
|  96|0x00000000cec00000, 0x00000000cec00000, 0x00000000ced00000|  0%| F|  |TAMS 0x00000000cec00000, 0x00000000cec00000| Untracked 
|  97|0x00000000ced00000, 0x00000000ced00000, 0x00000000cee00000|  0%| F|  |TAMS 0x00000000ced00000, 0x00000000ced00000| Untracked 
|  98|0x00000000cee00000, 0x00000000cee00000, 0x00000000cef00000|  0%| F|  |TAMS 0x00000000cee00000, 0x00000000cee00000| Untracked 
|  99|0x00000000cef00000, 0x00000000cef00000, 0x00000000cf000000|  0%| F|  |TAMS 0x00000000cef00000, 0x00000000cef00000| Untracked 
| 100|0x00000000cf000000, 0x00000000cf000000, 0x00000000cf100000|  0%| F|  |TAMS 0x00000000cf000000, 0x00000000cf000000| Untracked 
| 101|0x00000000cf100000, 0x00000000cf100000, 0x00000000cf200000|  0%| F|  |TAMS 0x00000000cf100000, 0x00000000cf100000| Untracked 
| 102|0x00000000cf200000, 0x00000000cf200000, 0x00000000cf300000|  0%| F|  |TAMS 0x00000000cf200000, 0x00000000cf200000| Untracked 
| 103|0x00000000cf300000, 0x00000000cf300000, 0x00000000cf400000|  0%| F|  |TAMS 0x00000000cf300000, 0x00000000cf300000| Untracked 
| 104|0x00000000cf400000, 0x00000000cf400000, 0x00000000cf500000|  0%| F|  |TAMS 0x00000000cf400000, 0x00000000cf400000| Untracked 
| 105|0x00000000cf500000, 0x00000000cf500000, 0x00000000cf600000|  0%| F|  |TAMS 0x00000000cf500000, 0x00000000cf500000| Untracked 
| 106|0x00000000cf600000, 0x00000000cf600000, 0x00000000cf700000|  0%| F|  |TAMS 0x00000000cf600000, 0x00000000cf600000| Untracked 
| 107|0x00000000cf700000, 0x00000000cf700000, 0x00000000cf800000|  0%| F|  |TAMS 0x00000000cf700000, 0x00000000cf700000| Untracked 
| 108|0x00000000cf800000, 0x00000000cf800000, 0x00000000cf900000|  0%| F|  |TAMS 0x00000000cf800000, 0x00000000cf800000| Untracked 
| 109|0x00000000cf900000, 0x00000000cf900000, 0x00000000cfa00000|  0%| F|  |TAMS 0x00000000cf900000, 0x00000000cf900000| Untracked 
| 110|0x00000000cfa00000, 0x00000000cfa00000, 0x00000000cfb00000|  0%| F|  |TAMS 0x00000000cfa00000, 0x00000000cfa00000| Untracked 
| 111|0x00000000cfb00000, 0x00000000cfb00000, 0x00000000cfc00000|  0%| F|  |TAMS 0x00000000cfb00000, 0x00000000cfb00000| Untracked 
| 112|0x00000000cfc00000, 0x00000000cfc00000, 0x00000000cfd00000|  0%| F|  |TAMS 0x00000000cfc00000, 0x00000000cfc00000| Untracked 
| 113|0x00000000cfd00000, 0x00000000cfd00000, 0x00000000cfe00000|  0%| F|  |TAMS 0x00000000cfd00000, 0x00000000cfd00000| Untracked 
| 114|0x00000000cfe00000, 0x00000000cfe00000, 0x00000000cff00000|  0%| F|  |TAMS 0x00000000cfe00000, 0x00000000cfe00000| Untracked 
| 115|0x00000000cff00000, 0x00000000cff00000, 0x00000000d0000000|  0%| F|  |TAMS 0x00000000cff00000, 0x00000000cff00000| Untracked 
| 116|0x00000000d0000000, 0x00000000d0000000, 0x00000000d0100000|  0%| F|  |TAMS 0x00000000d0000000, 0x00000000d0000000| Untracked 
| 117|0x00000000d0100000, 0x00000000d0100000, 0x00000000d0200000|  0%| F|  |TAMS 0x00000000d0100000, 0x00000000d0100000| Untracked 
| 118|0x00000000d0200000, 0x00000000d0200000, 0x00000000d0300000|  0%| F|  |TAMS 0x00000000d0200000, 0x00000000d0200000| Untracked 
| 119|0x00000000d0300000, 0x00000000d0300000, 0x00000000d0400000|  0%| F|  |TAMS 0x00000000d0300000, 0x00000000d0300000| Untracked 
| 120|0x00000000d0400000, 0x00000000d0400000, 0x00000000d0500000|  0%| F|  |TAMS 0x00000000d0400000, 0x00000000d0400000| Untracked 
| 121|0x00000000d0500000, 0x00000000d0500000, 0x00000000d0600000|  0%| F|  |TAMS 0x00000000d0500000, 0x00000000d0500000| Untracked 
| 122|0x00000000d0600000, 0x00000000d0600000, 0x00000000d0700000|  0%| F|  |TAMS 0x00000000d0600000, 0x00000000d0600000| Untracked 
| 123|0x00000000d0700000, 0x00000000d0700000, 0x00000000d0800000|  0%| F|  |TAMS 0x00000000d0700000, 0x00000000d0700000| Untracked 
| 124|0x00000000d0800000, 0x00000000d0800000, 0x00000000d0900000|  0%| F|  |TAMS 0x00000000d0800000, 0x00000000d0800000| Untracked 
| 125|0x00000000d0900000, 0x00000000d0900000, 0x00000000d0a00000|  0%| F|  |TAMS 0x00000000d0900000, 0x00000000d0900000| Untracked 
| 126|0x00000000d0a00000, 0x00000000d0a00000, 0x00000000d0b00000|  0%| F|  |TAMS 0x00000000d0a00000, 0x00000000d0a00000| Untracked 
| 127|0x00000000d0b00000, 0x00000000d0b00000, 0x00000000d0c00000|  0%| F|  |TAMS 0x00000000d0b00000, 0x00000000d0b00000| Untracked 
| 128|0x00000000d0c00000, 0x00000000d0c00000, 0x00000000d0d00000|  0%| F|  |TAMS 0x00000000d0c00000, 0x00000000d0c00000| Untracked 
| 129|0x00000000d0d00000, 0x00000000d0d00000, 0x00000000d0e00000|  0%| F|  |TAMS 0x00000000d0d00000, 0x00000000d0d00000| Untracked 
| 130|0x00000000d0e00000, 0x00000000d0e00000, 0x00000000d0f00000|  0%| F|  |TAMS 0x00000000d0e00000, 0x00000000d0e00000| Untracked 
| 131|0x00000000d0f00000, 0x00000000d0f00000, 0x00000000d1000000|  0%| F|  |TAMS 0x00000000d0f00000, 0x00000000d0f00000| Untracked 
| 132|0x00000000d1000000, 0x00000000d1000000, 0x00000000d1100000|  0%| F|  |TAMS 0x00000000d1000000, 0x00000000d1000000| Untracked 
| 133|0x00000000d1100000, 0x00000000d1100000, 0x00000000d1200000|  0%| F|  |TAMS 0x00000000d1100000, 0x00000000d1100000| Untracked 
| 134|0x00000000d1200000, 0x00000000d1200000, 0x00000000d1300000|  0%| F|  |TAMS 0x00000000d1200000, 0x00000000d1200000| Untracked 
| 135|0x00000000d1300000, 0x00000000d1300000, 0x00000000d1400000|  0%| F|  |TAMS 0x00000000d1300000, 0x00000000d1300000| Untracked 
| 136|0x00000000d1400000, 0x00000000d1400000, 0x00000000d1500000|  0%| F|  |TAMS 0x00000000d1400000, 0x00000000d1400000| Untracked 
| 137|0x00000000d1500000, 0x00000000d1500000, 0x00000000d1600000|  0%| F|  |TAMS 0x00000000d1500000, 0x00000000d1500000| Untracked 
| 138|0x00000000d1600000, 0x00000000d1600000, 0x00000000d1700000|  0%| F|  |TAMS 0x00000000d1600000, 0x00000000d1600000| Untracked 
| 139|0x00000000d1700000, 0x00000000d1700000, 0x00000000d1800000|  0%| F|  |TAMS 0x00000000d1700000, 0x00000000d1700000| Untracked 
| 140|0x00000000d1800000, 0x00000000d1800000, 0x00000000d1900000|  0%| F|  |TAMS 0x00000000d1800000, 0x00000000d1800000| Untracked 
| 141|0x00000000d1900000, 0x00000000d1900000, 0x00000000d1a00000|  0%| F|  |TAMS 0x00000000d1900000, 0x00000000d1900000| Untracked 
| 142|0x00000000d1a00000, 0x00000000d1a00000, 0x00000000d1b00000|  0%| F|  |TAMS 0x00000000d1a00000, 0x00000000d1a00000| Untracked 
| 143|0x00000000d1b00000, 0x00000000d1b00000, 0x00000000d1c00000|  0%| F|  |TAMS 0x00000000d1b00000, 0x00000000d1b00000| Untracked 
| 144|0x00000000d1c00000, 0x00000000d1c00000, 0x00000000d1d00000|  0%| F|  |TAMS 0x00000000d1c00000, 0x00000000d1c00000| Untracked 
| 145|0x00000000d1d00000, 0x00000000d1d00000, 0x00000000d1e00000|  0%| F|  |TAMS 0x00000000d1d00000, 0x00000000d1d00000| Untracked 
| 146|0x00000000d1e00000, 0x00000000d1e00000, 0x00000000d1f00000|  0%| F|  |TAMS 0x00000000d1e00000, 0x00000000d1e00000| Untracked 
| 147|0x00000000d1f00000, 0x00000000d1f00000, 0x00000000d2000000|  0%| F|  |TAMS 0x00000000d1f00000, 0x00000000d1f00000| Untracked 
| 148|0x00000000d2000000, 0x00000000d2000000, 0x00000000d2100000|  0%| F|  |TAMS 0x00000000d2000000, 0x00000000d2000000| Untracked 
| 149|0x00000000d2100000, 0x00000000d2100000, 0x00000000d2200000|  0%| F|  |TAMS 0x00000000d2100000, 0x00000000d2100000| Untracked 
| 150|0x00000000d2200000, 0x00000000d2200000, 0x00000000d2300000|  0%| F|  |TAMS 0x00000000d2200000, 0x00000000d2200000| Untracked 
| 151|0x00000000d2300000, 0x00000000d2300000, 0x00000000d2400000|  0%| F|  |TAMS 0x00000000d2300000, 0x00000000d2300000| Untracked 
| 152|0x00000000d2400000, 0x00000000d2400000, 0x00000000d2500000|  0%| F|  |TAMS 0x00000000d2400000, 0x00000000d2400000| Untracked 
| 153|0x00000000d2500000, 0x00000000d2500000, 0x00000000d2600000|  0%| F|  |TAMS 0x00000000d2500000, 0x00000000d2500000| Untracked 
| 154|0x00000000d2600000, 0x00000000d2600000, 0x00000000d2700000|  0%| F|  |TAMS 0x00000000d2600000, 0x00000000d2600000| Untracked 
| 155|0x00000000d2700000, 0x00000000d2700000, 0x00000000d2800000|  0%| F|  |TAMS 0x00000000d2700000, 0x00000000d2700000| Untracked 
| 156|0x00000000d2800000, 0x00000000d2800000, 0x00000000d2900000|  0%| F|  |TAMS 0x00000000d2800000, 0x00000000d2800000| Untracked 
| 157|0x00000000d2900000, 0x00000000d2900000, 0x00000000d2a00000|  0%| F|  |TAMS 0x00000000d2900000, 0x00000000d2900000| Untracked 
| 158|0x00000000d2a00000, 0x00000000d2a00000, 0x00000000d2b00000|  0%| F|  |TAMS 0x00000000d2a00000, 0x00000000d2a00000| Untracked 
| 159|0x00000000d2b00000, 0x00000000d2b00000, 0x00000000d2c00000|  0%| F|  |TAMS 0x00000000d2b00000, 0x00000000d2b00000| Untracked 
| 160|0x00000000d2c00000, 0x00000000d2c00000, 0x00000000d2d00000|  0%| F|  |TAMS 0x00000000d2c00000, 0x00000000d2c00000| Untracked 
| 161|0x00000000d2d00000, 0x00000000d2d00000, 0x00000000d2e00000|  0%| F|  |TAMS 0x00000000d2d00000, 0x00000000d2d00000| Untracked 
| 162|0x00000000d2e00000, 0x00000000d2e00000, 0x00000000d2f00000|  0%| F|  |TAMS 0x00000000d2e00000, 0x00000000d2e00000| Untracked 
| 163|0x00000000d2f00000, 0x00000000d2f00000, 0x00000000d3000000|  0%| F|  |TAMS 0x00000000d2f00000, 0x00000000d2f00000| Untracked 
| 164|0x00000000d3000000, 0x00000000d3000000, 0x00000000d3100000|  0%| F|  |TAMS 0x00000000d3000000, 0x00000000d3000000| Untracked 
| 165|0x00000000d3100000, 0x00000000d3100000, 0x00000000d3200000|  0%| F|  |TAMS 0x00000000d3100000, 0x00000000d3100000| Untracked 
| 166|0x00000000d3200000, 0x00000000d3200000, 0x00000000d3300000|  0%| F|  |TAMS 0x00000000d3200000, 0x00000000d3200000| Untracked 
| 167|0x00000000d3300000, 0x00000000d33751d0, 0x00000000d3400000| 45%| E|  |TAMS 0x00000000d3300000, 0x00000000d3300000| Complete 
| 168|0x00000000d3400000, 0x00000000d3500000, 0x00000000d3500000|100%| E|CS|TAMS 0x00000000d3400000, 0x00000000d3400000| Complete 
| 169|0x00000000d3500000, 0x00000000d3600000, 0x00000000d3600000|100%| E|CS|TAMS 0x00000000d3500000, 0x00000000d3500000| Complete 
| 170|0x00000000d3600000, 0x00000000d3700000, 0x00000000d3700000|100%| E|CS|TAMS 0x00000000d3600000, 0x00000000d3600000| Complete 
| 171|0x00000000d3700000, 0x00000000d3800000, 0x00000000d3800000|100%| E|CS|TAMS 0x00000000d3700000, 0x00000000d3700000| Complete 
| 172|0x00000000d3800000, 0x00000000d3900000, 0x00000000d3900000|100%| E|CS|TAMS 0x00000000d3800000, 0x00000000d3800000| Complete 
| 173|0x00000000d3900000, 0x00000000d3a00000, 0x00000000d3a00000|100%| E|CS|TAMS 0x00000000d3900000, 0x00000000d3900000| Complete 
| 174|0x00000000d3a00000, 0x00000000d3b00000, 0x00000000d3b00000|100%| E|CS|TAMS 0x00000000d3a00000, 0x00000000d3a00000| Complete 
| 175|0x00000000d3b00000, 0x00000000d3c00000, 0x00000000d3c00000|100%| E|CS|TAMS 0x00000000d3b00000, 0x00000000d3b00000| Complete 
| 176|0x00000000d3c00000, 0x00000000d3d00000, 0x00000000d3d00000|100%| E|CS|TAMS 0x00000000d3c00000, 0x00000000d3c00000| Complete 
| 177|0x00000000d3d00000, 0x00000000d3e00000, 0x00000000d3e00000|100%| E|CS|TAMS 0x00000000d3d00000, 0x00000000d3d00000| Complete 
| 178|0x00000000d3e00000, 0x00000000d3f00000, 0x00000000d3f00000|100%| E|CS|TAMS 0x00000000d3e00000, 0x00000000d3e00000| Complete 
| 179|0x00000000d3f00000, 0x00000000d4000000, 0x00000000d4000000|100%| E|CS|TAMS 0x00000000d3f00000, 0x00000000d3f00000| Complete 
| 180|0x00000000d4000000, 0x00000000d4100000, 0x00000000d4100000|100%| E|CS|TAMS 0x00000000d4000000, 0x00000000d4000000| Complete 
| 181|0x00000000d4100000, 0x00000000d4200000, 0x00000000d4200000|100%| E|CS|TAMS 0x00000000d4100000, 0x00000000d4100000| Complete 
| 182|0x00000000d4200000, 0x00000000d4300000, 0x00000000d4300000|100%| E|CS|TAMS 0x00000000d4200000, 0x00000000d4200000| Complete 
| 183|0x00000000d4300000, 0x00000000d4400000, 0x00000000d4400000|100%| E|CS|TAMS 0x00000000d4300000, 0x00000000d4300000| Complete 
| 184|0x00000000d4400000, 0x00000000d4500000, 0x00000000d4500000|100%| E|CS|TAMS 0x00000000d4400000, 0x00000000d4400000| Complete 
| 185|0x00000000d4500000, 0x00000000d4600000, 0x00000000d4600000|100%| E|CS|TAMS 0x00000000d4500000, 0x00000000d4500000| Complete 
| 186|0x00000000d4600000, 0x00000000d4700000, 0x00000000d4700000|100%| E|CS|TAMS 0x00000000d4600000, 0x00000000d4600000| Complete 
| 187|0x00000000d4700000, 0x00000000d4800000, 0x00000000d4800000|100%| E|CS|TAMS 0x00000000d4700000, 0x00000000d4700000| Complete 
| 188|0x00000000d4800000, 0x00000000d4900000, 0x00000000d4900000|100%| E|CS|TAMS 0x00000000d4800000, 0x00000000d4800000| Complete 
| 189|0x00000000d4900000, 0x00000000d4a00000, 0x00000000d4a00000|100%| E|CS|TAMS 0x00000000d4900000, 0x00000000d4900000| Complete 
| 190|0x00000000d4a00000, 0x00000000d4b00000, 0x00000000d4b00000|100%| E|CS|TAMS 0x00000000d4a00000, 0x00000000d4a00000| Complete 
| 191|0x00000000d4b00000, 0x00000000d4c00000, 0x00000000d4c00000|100%| E|CS|TAMS 0x00000000d4b00000, 0x00000000d4b00000| Complete 
| 192|0x00000000d4c00000, 0x00000000d4d00000, 0x00000000d4d00000|100%| E|CS|TAMS 0x00000000d4c00000, 0x00000000d4c00000| Complete 
| 193|0x00000000d4d00000, 0x00000000d4e00000, 0x00000000d4e00000|100%| E|CS|TAMS 0x00000000d4d00000, 0x00000000d4d00000| Complete 
| 194|0x00000000d4e00000, 0x00000000d4f00000, 0x00000000d4f00000|100%| E|CS|TAMS 0x00000000d4e00000, 0x00000000d4e00000| Complete 
| 195|0x00000000d4f00000, 0x00000000d5000000, 0x00000000d5000000|100%| E|  |TAMS 0x00000000d4f00000, 0x00000000d4f00000| Complete 

Card table byte_map: [0x000001437f2b0000,0x000001437f470000] _byte_map_base: 0x000001437ec6a000

Marking Bits (Prev, Next): (CMBitMap*) 0x0000014376ebc8f0, (CMBitMap*) 0x0000014376ebc8b0
 Prev Bits: [0x000001430fdd0000, 0x0000014310ba0000)
 Next Bits: [0x000001430f000000, 0x000001430fdd0000)

Polling page: 0x0000014374c90000

Metaspace:

Usage:
  Non-class:     59.09 MB used.
      Class:      8.44 MB used.
       Both:     67.53 MB used.

Virtual space:
  Non-class space:       64.00 MB reserved,      59.31 MB ( 93%) committed,  1 nodes.
      Class space:        1.00 GB reserved,       8.63 MB ( <1%) committed,  1 nodes.
             Both:        1.06 GB reserved,      67.94 MB (  6%) committed. 

Chunk freelists:
   Non-Class:  256.00 KB
       Class:  3.19 MB
        Both:  3.44 MB

MaxMetaspaceSize: unlimited
CompressedClassSpaceSize: 1.00 GB
Initial GC threshold: 21.00 MB
Current GC threshold: 112.94 MB
CDS: on
MetaspaceReclaimPolicy: balanced
 - commit_granule_bytes: 65536.
 - commit_granule_words: 8192.
 - virtual_space_node_default_size: 8388608.
 - enlarge_chunks_in_place: 1.
 - new_chunks_are_fully_committed: 0.
 - uncommit_free_chunks: 1.
 - use_allocation_guard: 0.


Internal statistics:

num_allocs_failed_limit: 6.
num_arena_births: 602.
num_arena_deaths: 0.
num_vsnodes_births: 2.
num_vsnodes_deaths: 0.
num_space_committed: 1087.
num_space_uncommitted: 0.
num_chunks_returned_to_freelist: 6.
num_chunks_taken_from_freelist: 2994.
num_chunk_merges: 6.
num_chunk_splits: 2157.
num_chunks_enlarged: 1793.
num_inconsistent_stats: 0.

CodeHeap 'non-profiled nmethods': size=120000Kb used=9001Kb max_used=9001Kb free=110998Kb
 bounds [0x0000014307ad0000, 0x00000143083a0000, 0x000001430f000000]
CodeHeap 'profiled nmethods': size=120000Kb used=15523Kb max_used=19039Kb free=104477Kb
 bounds [0x0000014300000000, 0x00000143012d0000, 0x0000014307530000]
CodeHeap 'non-nmethods': size=5760Kb used=1445Kb max_used=1497Kb free=4314Kb
 bounds [0x0000014307530000, 0x00000143077a0000, 0x0000014307ad0000]
 total_blobs=9354 nmethods=8661 adapters=602
 compilation: enabled
              stopped_count=0, restarted_count=0
 full_count=0

Compilation events (20 events):
Event: 630.090 Thread 0x0000014312d71a90 nmethod 11034 0x0000014300bc0990 code [0x0000014300bc0b40, 0x0000014300bc0d88]
Event: 630.090 Thread 0x0000014312d71a90 11025   !   2       org.apache.tomcat.util.net.AbstractEndpoint::processSocket (148 bytes)
Event: 630.099 Thread 0x0000014312d71a90 nmethod 11025 0x0000014300d46910 code [0x0000014300d46ba0, 0x0000014300d47628]
Event: 630.186 Thread 0x0000014312d50270 11036       4       java.util.concurrent.locks.ReentrantReadWriteLock$NonfairSync::readerShouldBlock (5 bytes)
Event: 630.187 Thread 0x0000014312d50270 nmethod 11036 0x0000014308395310 code [0x00000143083954a0, 0x0000014308395538]
Event: 630.187 Thread 0x0000014312d50270 11037       4       java.util.concurrent.locks.AbstractQueuedSynchronizer::apparentlyFirstQueuedIsExclusive (38 bytes)
Event: 630.188 Thread 0x0000014312d50270 nmethod 11037 0x0000014308395610 code [0x00000143083957a0, 0x0000014308395838]
Event: 630.260 Thread 0x0000014312d50270 11038       4       org.apache.tomcat.util.http.MimeHeaders::createHeader (158 bytes)
Event: 630.277 Thread 0x0000014312d50270 nmethod 11038 0x0000014308395910 code [0x0000014308395ac0, 0x0000014308396298]
Event: 630.436 Thread 0x0000014312d71a90 11039       3       org.apache.catalina.connector.ResponseFacade::getOutputStream (25 bytes)
Event: 630.439 Thread 0x0000014312d71a90 nmethod 11039 0x00000143007c2810 code [0x00000143007c2a00, 0x00000143007c2e88]
Event: 630.443 Thread 0x0000014312d71a90 11040       3       org.apache.catalina.connector.Response::getResponse (39 bytes)
Event: 630.444 Thread 0x0000014312d71a90 nmethod 11040 0x000001430015ec10 code [0x000001430015edc0, 0x000001430015f178]
Event: 630.460 Thread 0x0000014312d71a90 11041   !   3       org.apache.coyote.http11.Http11Processor::endRequest (170 bytes)
Event: 630.468 Thread 0x0000014312d71a90 nmethod 11041 0x0000014300f62710 code [0x0000014300f62a80, 0x0000014300f644d8]
Event: 630.661 Thread 0x0000014312d50270 11042   !   4       java.util.concurrent.LinkedBlockingQueue::offer (131 bytes)
Event: 630.784 Thread 0x0000014312d50270 nmethod 11042 0x0000014308396510 code [0x0000014308396740, 0x0000014308397e70]
Event: 630.784 Thread 0x0000014312d50270 11043       4       org.springframework.security.web.header.HeaderWriterFilter::doFilterInternal (25 bytes)
Event: 630.945 Thread 0x0000014312d50270 nmethod 11043 0x0000014308398910 code [0x0000014308398b60, 0x0000014308399890]
Event: 630.946 Thread 0x0000014312d50270 11044       4       org.springframework.web.filter.CorsFilter::doFilterInternal (49 bytes)

GC Heap History (20 events):
Event: 459.961 GC heap before
{Heap before GC invocations=67 (full 0):
 garbage-first heap   total 200704K, used 148033K [0x00000000c8c00000, 0x0000000100000000)
  region size 1024K, 117 young (119808K), 1 survivors (1024K)
 Metaspace       used 69137K, committed 69568K, reserved 1114112K
  class space    used 8641K, committed 8832K, reserved 1048576K
}
Event: 459.986 GC heap after
{Heap after GC invocations=68 (full 0):
 garbage-first heap   total 200704K, used 29255K [0x00000000c8c00000, 0x0000000100000000)
  region size 1024K, 1 young (1024K), 1 survivors (1024K)
 Metaspace       used 69137K, committed 69568K, reserved 1114112K
  class space    used 8641K, committed 8832K, reserved 1048576K
}
Event: 474.648 GC heap before
{Heap before GC invocations=68 (full 0):
 garbage-first heap   total 200704K, used 148039K [0x00000000c8c00000, 0x0000000100000000)
  region size 1024K, 117 young (119808K), 1 survivors (1024K)
 Metaspace       used 69139K, committed 69568K, reserved 1114112K
  class space    used 8642K, committed 8832K, reserved 1048576K
}
Event: 474.668 GC heap after
{Heap after GC invocations=69 (full 0):
 garbage-first heap   total 200704K, used 29265K [0x00000000c8c00000, 0x0000000100000000)
  region size 1024K, 1 young (1024K), 1 survivors (1024K)
 Metaspace       used 69139K, committed 69568K, reserved 1114112K
  class space    used 8642K, committed 8832K, reserved 1048576K
}
Event: 486.484 GC heap before
{Heap before GC invocations=69 (full 0):
 garbage-first heap   total 200704K, used 147025K [0x00000000c8c00000, 0x0000000100000000)
  region size 1024K, 117 young (119808K), 1 survivors (1024K)
 Metaspace       used 69143K, committed 69568K, reserved 1114112K
  class space    used 8642K, committed 8832K, reserved 1048576K
}
Event: 486.489 GC heap after
{Heap after GC invocations=70 (full 0):
 garbage-first heap   total 200704K, used 29263K [0x00000000c8c00000, 0x0000000100000000)
  region size 1024K, 1 young (1024K), 1 survivors (1024K)
 Metaspace       used 69143K, committed 69568K, reserved 1114112K
  class space    used 8642K, committed 8832K, reserved 1048576K
}
Event: 494.470 GC heap before
{Heap before GC invocations=70 (full 0):
 garbage-first heap   total 200704K, used 148047K [0x00000000c8c00000, 0x0000000100000000)
  region size 1024K, 117 young (119808K), 1 survivors (1024K)
 Metaspace       used 69146K, committed 69568K, reserved 1114112K
  class space    used 8642K, committed 8832K, reserved 1048576K
}
Event: 494.497 GC heap after
{Heap after GC invocations=71 (full 0):
 garbage-first heap   total 200704K, used 29241K [0x00000000c8c00000, 0x0000000100000000)
  region size 1024K, 1 young (1024K), 1 survivors (1024K)
 Metaspace       used 69146K, committed 69568K, reserved 1114112K
  class space    used 8642K, committed 8832K, reserved 1048576K
}
Event: 508.630 GC heap before
{Heap before GC invocations=71 (full 0):
 garbage-first heap   total 200704K, used 148025K [0x00000000c8c00000, 0x0000000100000000)
  region size 1024K, 117 young (119808K), 1 survivors (1024K)
 Metaspace       used 69146K, committed 69568K, reserved 1114112K
  class space    used 8642K, committed 8832K, reserved 1048576K
}
Event: 508.682 GC heap after
{Heap after GC invocations=72 (full 0):
 garbage-first heap   total 200704K, used 29263K [0x00000000c8c00000, 0x0000000100000000)
  region size 1024K, 1 young (1024K), 1 survivors (1024K)
 Metaspace       used 69146K, committed 69568K, reserved 1114112K
  class space    used 8642K, committed 8832K, reserved 1048576K
}
Event: 520.632 GC heap before
{Heap before GC invocations=72 (full 0):
 garbage-first heap   total 200704K, used 148047K [0x00000000c8c00000, 0x0000000100000000)
  region size 1024K, 117 young (119808K), 1 survivors (1024K)
 Metaspace       used 69146K, committed 69568K, reserved 1114112K
  class space    used 8643K, committed 8832K, reserved 1048576K
}
Event: 520.639 GC heap after
{Heap after GC invocations=73 (full 0):
 garbage-first heap   total 200704K, used 29287K [0x00000000c8c00000, 0x0000000100000000)
  region size 1024K, 1 young (1024K), 1 survivors (1024K)
 Metaspace       used 69146K, committed 69568K, reserved 1114112K
  class space    used 8643K, committed 8832K, reserved 1048576K
}
Event: 544.581 GC heap before
{Heap before GC invocations=73 (full 0):
 garbage-first heap   total 200704K, used 147047K [0x00000000c8c00000, 0x0000000100000000)
  region size 1024K, 117 young (119808K), 1 survivors (1024K)
 Metaspace       used 69147K, committed 69568K, reserved 1114112K
  class space    used 8643K, committed 8832K, reserved 1048576K
}
Event: 544.627 GC heap after
{Heap after GC invocations=74 (full 0):
 garbage-first heap   total 200704K, used 29271K [0x00000000c8c00000, 0x0000000100000000)
  region size 1024K, 1 young (1024K), 1 survivors (1024K)
 Metaspace       used 69147K, committed 69568K, reserved 1114112K
  class space    used 8643K, committed 8832K, reserved 1048576K
}
Event: 554.792 GC heap before
{Heap before GC invocations=74 (full 0):
 garbage-first heap   total 200704K, used 148055K [0x00000000c8c00000, 0x0000000100000000)
  region size 1024K, 117 young (119808K), 1 survivors (1024K)
 Metaspace       used 69148K, committed 69568K, reserved 1114112K
  class space    used 8643K, committed 8832K, reserved 1048576K
}
Event: 554.864 GC heap after
{Heap after GC invocations=75 (full 0):
 garbage-first heap   total 200704K, used 29296K [0x00000000c8c00000, 0x0000000100000000)
  region size 1024K, 1 young (1024K), 1 survivors (1024K)
 Metaspace       used 69148K, committed 69568K, reserved 1114112K
  class space    used 8643K, committed 8832K, reserved 1048576K
}
Event: 592.708 GC heap before
{Heap before GC invocations=75 (full 0):
 garbage-first heap   total 200704K, used 148080K [0x00000000c8c00000, 0x0000000100000000)
  region size 1024K, 117 young (119808K), 1 survivors (1024K)
 Metaspace       used 69148K, committed 69568K, reserved 1114112K
  class space    used 8643K, committed 8832K, reserved 1048576K
}
Event: 592.808 GC heap after
{Heap after GC invocations=76 (full 0):
 garbage-first heap   total 200704K, used 29311K [0x00000000c8c00000, 0x0000000100000000)
  region size 1024K, 1 young (1024K), 1 survivors (1024K)
 Metaspace       used 69148K, committed 69568K, reserved 1114112K
  class space    used 8643K, committed 8832K, reserved 1048576K
}
Event: 631.239 GC heap before
{Heap before GC invocations=76 (full 0):
 garbage-first heap   total 200704K, used 147071K [0x00000000c8c00000, 0x0000000100000000)
  region size 1024K, 117 young (119808K), 1 survivors (1024K)
 Metaspace       used 69151K, committed 69568K, reserved 1114112K
  class space    used 8643K, committed 8832K, reserved 1048576K
}
Event: 631.318 GC heap after
{Heap after GC invocations=77 (full 0):
 garbage-first heap   total 200704K, used 30026K [0x00000000c8c00000, 0x0000000100000000)
  region size 1024K, 1 young (1024K), 1 survivors (1024K)
 Metaspace       used 69151K, committed 69568K, reserved 1114112K
  class space    used 8643K, committed 8832K, reserved 1048576K
}

Dll operation events (14 events):
Event: 0.021 Loaded shared library C:\Program Files\Java\jdk-19\bin\java.dll
Event: 0.036 Loaded shared library C:\Program Files\Java\jdk-19\bin\jsvml.dll
Event: 0.239 Loaded shared library C:\Program Files\Java\jdk-19\bin\zip.dll
Event: 0.247 Loaded shared library C:\Program Files\Java\jdk-19\bin\instrument.dll
Event: 0.265 Loaded shared library C:\Program Files\Java\jdk-19\bin\net.dll
Event: 0.270 Loaded shared library C:\Program Files\Java\jdk-19\bin\nio.dll
Event: 0.279 Loaded shared library C:\Program Files\Java\jdk-19\bin\zip.dll
Event: 0.673 Loaded shared library C:\Program Files\JetBrains\IntelliJ IDEA Community Edition 2022.2.3\bin\breakgen64.dll
Event: 0.703 Loaded shared library C:\Program Files\Java\jdk-19\bin\extnet.dll
Event: 0.798 Loaded shared library C:\Program Files\Java\jdk-19\bin\verify.dll
Event: 0.811 Loaded shared library C:\Program Files\Java\jdk-19\bin\jimage.dll
Event: 1.531 Loaded shared library C:\Program Files\Java\jdk-19\bin\management.dll
Event: 1.535 Loaded shared library C:\Program Files\Java\jdk-19\bin\management_ext.dll
Event: 28.972 Loaded shared library C:\Program Files\Java\jdk-19\bin\sunmscapi.dll

Deoptimization events (20 events):
Event: 625.662 Thread 0x000001431af786a0 Uncommon trap: trap_request=0xffffff45 fr.pc=0x00000143082d37bc relative=0x000000000000009c
Event: 625.662 Thread 0x000001431af786a0 Uncommon trap: reason=unstable_if action=reinterpret pc=0x00000143082d37bc method=org.apache.catalina.connector.Response.getOutputStream()Ljavax/servlet/ServletOutputStream; @ 32 c2
Event: 625.662 Thread 0x000001431af786a0 DEOPT PACKING pc=0x00000143082d37bc sp=0x0000001c635fc970
Event: 625.662 Thread 0x000001431af786a0 DEOPT UNPACKING pc=0x0000014307596da3 sp=0x0000001c635fc8a8 mode 2
Event: 625.697 Thread 0x000001431af79be0 Uncommon trap: trap_request=0xffffff45 fr.pc=0x000001430813ac1c relative=0x00000000000003dc
Event: 625.697 Thread 0x000001431af79be0 Uncommon trap: reason=unstable_if action=reinterpret pc=0x000001430813ac1c method=java.util.concurrent.locks.ReentrantReadWriteLock$Sync.tryAcquireShared(I)I @ 55 c2
Event: 625.697 Thread 0x000001431af79be0 DEOPT PACKING pc=0x000001430813ac1c sp=0x0000001c639fee50
Event: 625.697 Thread 0x000001431af79be0 DEOPT UNPACKING pc=0x0000014307596da3 sp=0x0000001c639fecc8 mode 2
Event: 625.789 Thread 0x000001431af7a130 Uncommon trap: trap_request=0xffffff45 fr.pc=0x00000143080a47bc relative=0x0000000000000d7c
Event: 625.789 Thread 0x000001431af7dba0 Uncommon trap: trap_request=0xffffff45 fr.pc=0x00000143080a4654 relative=0x0000000000000c14
Event: 625.790 Thread 0x000001431af7a130 Uncommon trap: reason=unstable_if action=reinterpret pc=0x00000143080a47bc method=java.util.concurrent.locks.ReentrantReadWriteLock$Sync.tryReleaseShared(I)Z @ 134 c2
Event: 625.790 Thread 0x000001431af7dba0 Uncommon trap: reason=unstable_if action=reinterpret pc=0x00000143080a4654 method=java.util.concurrent.locks.ReentrantReadWriteLock$Sync.tryAcquireShared(I)I @ 60 c2
Event: 625.791 Thread 0x000001431af786a0 Uncommon trap: trap_request=0xffffff45 fr.pc=0x00000143080a4654 relative=0x0000000000000c14
Event: 625.792 Thread 0x000001431af786a0 Uncommon trap: reason=unstable_if action=reinterpret pc=0x00000143080a4654 method=java.util.concurrent.locks.ReentrantReadWriteLock$Sync.tryAcquireShared(I)I @ 60 c2
Event: 625.792 Thread 0x000001431af786a0 DEOPT PACKING pc=0x00000143080a4654 sp=0x0000001c635feae0
Event: 625.792 Thread 0x000001431af7dba0 DEOPT PACKING pc=0x00000143080a4654 sp=0x0000001c63efec60
Event: 625.792 Thread 0x000001431af7dba0 DEOPT UNPACKING pc=0x0000014307596da3 sp=0x0000001c63efeae0 mode 2
Event: 625.792 Thread 0x000001431af786a0 DEOPT UNPACKING pc=0x0000014307596da3 sp=0x0000001c635fe960 mode 2
Event: 625.797 Thread 0x000001431af7a130 DEOPT PACKING pc=0x00000143080a47bc sp=0x0000001c638fe950
Event: 625.797 Thread 0x000001431af7a130 DEOPT UNPACKING pc=0x0000014307596da3 sp=0x0000001c638fe7d8 mode 2

Classes loaded (20 events):
Event: 75.555 Loading class java/util/zip/GZIPOutputStream
Event: 75.555 Loading class java/util/zip/GZIPOutputStream done
Event: 75.605 Loading class java/util/concurrent/atomic/AtomicReferenceArray
Event: 75.606 Loading class java/util/concurrent/atomic/AtomicReferenceArray done
Event: 75.606 Loading class java/lang/invoke/VarHandleReferences$Array
Event: 75.607 Loading class java/lang/invoke/VarHandleReferences$Array done
Event: 75.703 Loading class com/sun/crypto/provider/HmacCore$HmacSHA256
Event: 75.704 Loading class com/sun/crypto/provider/HmacCore$HmacSHA256 done
Event: 75.715 Loading class sun/reflect/Reflection
Event: 75.715 Loading class sun/reflect/Reflection done
Event: 75.804 Loading class java/io/PrintWriter$1
Event: 75.805 Loading class jdk/internal/access/JavaIOPrintWriterAccess
Event: 75.806 Loading class jdk/internal/access/JavaIOPrintWriterAccess done
Event: 75.806 Loading class java/io/PrintWriter$1 done
Event: 75.806 Loading class java/lang/Throwable$WrappedPrintWriter
Event: 75.806 Loading class java/lang/Throwable$PrintStreamOrWriter
Event: 75.807 Loading class java/lang/Throwable$PrintStreamOrWriter done
Event: 75.807 Loading class java/lang/Throwable$WrappedPrintWriter done
Event: 158.171 Loading class sun/util/locale/LocaleExtensions
Event: 158.260 Loading class sun/util/locale/LocaleExtensions done

Classes unloaded (0 events):
No events

Classes redefined (0 events):
No events

Internal exceptions (20 events):
Event: 613.390 Thread 0x000001431af786a0 Implicit null exception at 0x000001430830d305 to 0x000001430830f2ec
Event: 613.393 Thread 0x000001431af7dba0 Implicit null exception at 0x000001430832258d to 0x000001430832274c
Event: 613.403 Thread 0x000001431af7dba0 Implicit null exception at 0x000001430831b976 to 0x000001430831d9e8
Event: 613.461 Thread 0x000001431af7dba0 Implicit null exception at 0x0000014308312512 to 0x00000143083160d4
Event: 613.492 Thread 0x000001431af7c110 Implicit null exception at 0x0000014308336a18 to 0x000001430833707c
Event: 613.492 Thread 0x000001431af7a680 Implicit null exception at 0x0000014308336a18 to 0x000001430833707c
Event: 613.558 Thread 0x000001431af786a0 Implicit null exception at 0x0000014307d82a07 to 0x0000014307d84b0c
Event: 613.565 Thread 0x000001431af7a680 Implicit null exception at 0x0000014307d82a07 to 0x0000014307d84b0c
Event: 613.575 Thread 0x000001431af786a0 Implicit null exception at 0x0000014307f814b7 to 0x0000014307f82054
Event: 613.580 Thread 0x000001431af7dba0 Implicit null exception at 0x0000014307f814b7 to 0x0000014307f82054
Event: 613.597 Thread 0x000001431af7a680 Implicit null exception at 0x00000143081ac74b to 0x00000143081acfd8
Event: 613.624 Thread 0x000001431af7dba0 Implicit null exception at 0x00000143081ae48b to 0x00000143081aec44
Event: 613.624 Thread 0x000001431af7a680 Implicit null exception at 0x00000143081ae48b to 0x00000143081aec44
Event: 613.625 Thread 0x000001431af7dba0 Implicit null exception at 0x00000143081afd93 to 0x00000143081b0424
Event: 613.631 Thread 0x000001431af786a0 Implicit null exception at 0x0000014307fb8067 to 0x0000014307fb83ec
Event: 625.099 Thread 0x000001431af7a680 Implicit null exception at 0x0000014307d40f0e to 0x0000014307d46c10
Event: 625.099 Thread 0x000001431af786a0 Implicit null exception at 0x0000014307d40f0e to 0x0000014307d46c10
Event: 625.099 Thread 0x000001431af7c110 Implicit null exception at 0x0000014307d40f0e to 0x0000014307d46c10
Event: 625.099 Thread 0x000001431af7dba0 Implicit null exception at 0x0000014307d40f0e to 0x0000014307d46c10
Event: 625.647 Thread 0x000001431af7dba0 Exception <a 'java/io/IOException'{0x00000000d36132f8}> (0x00000000d36132f8) 
thrown [s\open\src\hotspot\share\prims\jni.cpp, line 517]

VM Operations (20 events):
Event: 560.867 Executing VM operation: Cleanup
Event: 560.868 Executing VM operation: Cleanup done
Event: 592.689 Executing VM operation: G1CollectForAllocation
Event: 592.809 Executing VM operation: G1CollectForAllocation done
Event: 613.552 Executing VM operation: HandshakeAllThreads
Event: 613.566 Executing VM operation: HandshakeAllThreads done
Event: 613.566 Executing VM operation: Cleanup
Event: 613.573 Executing VM operation: Cleanup done
Event: 615.572 Executing VM operation: Cleanup
Event: 615.577 Executing VM operation: Cleanup done
Event: 618.579 Executing VM operation: Cleanup
Event: 618.579 Executing VM operation: Cleanup done
Event: 625.582 Executing VM operation: Cleanup
Event: 625.606 Executing VM operation: Cleanup done
Event: 627.605 Executing VM operation: Cleanup
Event: 627.605 Executing VM operation: Cleanup done
Event: 630.607 Executing VM operation: Cleanup
Event: 630.619 Executing VM operation: Cleanup done
Event: 631.231 Executing VM operation: G1CollectForAllocation
Event: 631.320 Executing VM operation: G1CollectForAllocation done

Events (20 events):
Event: 422.846 Thread 0x0000014317038010 flushing nmethod 0x000001430112e610
Event: 422.846 Thread 0x0000014317038010 flushing nmethod 0x000001430116be90
Event: 422.847 Thread 0x0000014317038010 flushing nmethod 0x0000014301187b90
Event: 422.847 Thread 0x0000014317038010 flushing nmethod 0x0000014301190210
Event: 422.847 Thread 0x0000014317038010 flushing nmethod 0x0000014301191b10
Event: 422.847 Thread 0x0000014317038010 flushing nmethod 0x0000014301196490
Event: 422.848 Thread 0x0000014317038010 flushing nmethod 0x00000143011c3f90
Event: 422.848 Thread 0x0000014317038010 flushing nmethod 0x00000143011f4f10
Event: 422.848 Thread 0x0000014317038010 flushing nmethod 0x000001430120f890
Event: 422.848 Thread 0x0000014317038010 flushing nmethod 0x0000014301227d10
Event: 422.849 Thread 0x0000014317038010 flushing nmethod 0x000001430122d190
Event: 422.849 Thread 0x0000014317038010 flushing nmethod 0x000001430122ea90
Event: 422.849 Thread 0x0000014317038010 flushing nmethod 0x0000014301282190
Event: 428.130 Thread 0x0000014317206270 Thread added: 0x0000014317206270
Event: 429.777 Thread 0x0000014317206270 Thread exited: 0x0000014317206270
Event: 617.892 Thread 0x0000014317038010 flushing nmethod 0x00000143010b9610
Event: 617.899 Thread 0x0000014317038010 flushing nmethod 0x00000143010cbc10
Event: 617.958 Thread 0x0000014317038010 flushing nmethod 0x0000014301179290
Event: 617.969 Thread 0x0000014317038010 flushing nmethod 0x000001430119c690
Event: 617.970 Thread 0x0000014317038010 flushing nmethod 0x00000143011b6c10


Dynamic libraries:
0x00007ff7f49f0000 - 0x00007ff7f4a00000 	C:\Program Files\Java\jdk-19\bin\java.exe
0x00007ff964f60000 - 0x00007ff965150000 	C:\Windows\SYSTEM32\ntdll.dll
0x00007ff963b70000 - 0x00007ff963c22000 	C:\Windows\System32\KERNEL32.DLL
0x00007ff962d10000 - 0x00007ff962fb5000 	C:\Windows\System32\KERNELBASE.dll
0x00007ff9621e0000 - 0x00007ff9622da000 	C:\Windows\System32\ucrtbase.dll
0x00007ff956e20000 - 0x00007ff956e3b000 	C:\Program Files\Java\jdk-19\bin\VCRUNTIME140.dll
0x00007ff9532b0000 - 0x00007ff9532c8000 	C:\Program Files\Java\jdk-19\bin\jli.dll
0x00007ff9648d0000 - 0x00007ff964973000 	C:\Windows\System32\ADVAPI32.dll
0x00007ff963010000 - 0x00007ff9630ae000 	C:\Windows\System32\msvcrt.dll
0x00007ff963120000 - 0x00007ff9631b7000 	C:\Windows\System32\sechost.dll
0x00007ff963c60000 - 0x00007ff963d80000 	C:\Windows\System32\RPCRT4.dll
0x00007ff9639d0000 - 0x00007ff963b64000 	C:\Windows\System32\USER32.dll
0x00007ff9623a0000 - 0x00007ff9623c1000 	C:\Windows\System32\win32u.dll
0x00007ff963c30000 - 0x00007ff963c56000 	C:\Windows\System32\GDI32.dll
0x00007ff9528e0000 - 0x00007ff952b64000 	C:\Windows\WinSxS\amd64_microsoft.windows.common-controls_6595b64144ccf1df_6.0.18362.1256_none_9e7e379be45e40e2\COMCTL32.dll
0x00007ff962040000 - 0x00007ff9621d6000 	C:\Windows\System32\gdi32full.dll
0x00007ff964b80000 - 0x00007ff964eb6000 	C:\Windows\System32\combase.dll
0x00007ff9622e0000 - 0x00007ff96237e000 	C:\Windows\System32\msvcp_win.dll
0x00007ff961fb0000 - 0x00007ff962031000 	C:\Windows\System32\bcryptPrimitives.dll
0x00007ff9594e0000 - 0x00007ff9594ea000 	C:\Windows\SYSTEM32\VERSION.dll
0x00007ff963980000 - 0x00007ff9639ae000 	C:\Windows\System32\IMM32.DLL
0x00007ff95feb0000 - 0x00007ff95febc000 	C:\Program Files\Java\jdk-19\bin\vcruntime140_1.dll
0x00007ff929460000 - 0x00007ff9294ee000 	C:\Program Files\Java\jdk-19\bin\msvcp140.dll
0x00007ff922420000 - 0x00007ff9230e0000 	C:\Program Files\Java\jdk-19\bin\server\jvm.dll
0x00007ff957620000 - 0x00007ff957629000 	C:\Windows\SYSTEM32\WSOCK32.dll
0x00007ff95f980000 - 0x00007ff95f9a4000 	C:\Windows\SYSTEM32\WINMM.dll
0x00007ff963e30000 - 0x00007ff963e9f000 	C:\Windows\System32\WS2_32.dll
0x00007ff95f770000 - 0x00007ff95f79d000 	C:\Windows\SYSTEM32\WINMMBASE.dll
0x00007ff962fc0000 - 0x00007ff96300a000 	C:\Windows\System32\cfgmgr32.dll
0x00007ff961e10000 - 0x00007ff961e21000 	C:\Windows\System32\kernel.appcore.dll
0x00007ff95c690000 - 0x00007ff95c69a000 	C:\Program Files\Java\jdk-19\bin\jimage.dll
0x00007ff951400000 - 0x00007ff9515f4000 	C:\Windows\SYSTEM32\DBGHELP.DLL
0x00007ff9511d0000 - 0x00007ff9511fa000 	C:\Windows\SYSTEM32\dbgcore.DLL
0x00007ff946fc0000 - 0x00007ff946fce000 	C:\Program Files\Java\jdk-19\bin\instrument.dll
0x00007ff946ff0000 - 0x00007ff947016000 	C:\Program Files\Java\jdk-19\bin\java.dll
0x00007ff927f80000 - 0x00007ff928057000 	C:\Program Files\Java\jdk-19\bin\jsvml.dll
0x00007ff9631c0000 - 0x00007ff9638a7000 	C:\Windows\System32\SHELL32.dll
0x00007ff964980000 - 0x00007ff964a29000 	C:\Windows\System32\shcore.dll
0x00007ff962430000 - 0x00007ff962bb1000 	C:\Windows\System32\windows.storage.dll
0x00007ff961e80000 - 0x00007ff961ea3000 	C:\Windows\System32\profapi.dll
0x00007ff961e30000 - 0x00007ff961e7a000 	C:\Windows\System32\powrprof.dll
0x00007ff961e00000 - 0x00007ff961e10000 	C:\Windows\System32\UMPDC.dll
0x00007ff964080000 - 0x00007ff9640d2000 	C:\Windows\System32\shlwapi.dll
0x00007ff962380000 - 0x00007ff962397000 	C:\Windows\System32\cryptsp.dll
0x00007ff944af0000 - 0x00007ff944b08000 	C:\Program Files\Java\jdk-19\bin\zip.dll
0x00007ff946fd0000 - 0x00007ff946fe3000 	C:\Program Files\Java\jdk-19\bin\net.dll
0x00007ff95bdb0000 - 0x00007ff95bea0000 	C:\Windows\SYSTEM32\WINHTTP.dll
0x00007ff9615a0000 - 0x00007ff961607000 	C:\Windows\system32\mswsock.dll
0x00007ff944b10000 - 0x00007ff944b26000 	C:\Program Files\Java\jdk-19\bin\nio.dll
0x00007ff92e6f0000 - 0x00007ff92e70a000 	C:\Program Files\JetBrains\IntelliJ IDEA Community Edition 2022.2.3\bin\breakgen64.dll
0x00007ff95bca0000 - 0x00007ff95bca8000 	C:\Program Files\Java\jdk-19\bin\extnet.dll
0x00007ff9483a0000 - 0x00007ff9483b0000 	C:\Program Files\Java\jdk-19\bin\verify.dll
0x00007ff944ae0000 - 0x00007ff944aea000 	C:\Program Files\Java\jdk-19\bin\management.dll
0x00007ff944360000 - 0x00007ff94436b000 	C:\Program Files\Java\jdk-19\bin\management_ext.dll
0x00007ff964780000 - 0x00007ff964788000 	C:\Windows\System32\PSAPI.DLL
0x00007ff94dfb0000 - 0x00007ff94dfc6000 	C:\Windows\system32\napinsp.dll
0x00007ff94df90000 - 0x00007ff94dfaa000 	C:\Windows\system32\pnrpnsp.dll
0x00007ff961300000 - 0x00007ff9613cb000 	C:\Windows\SYSTEM32\DNSAPI.dll
0x00007ff963110000 - 0x00007ff963118000 	C:\Windows\System32\NSI.dll
0x00007ff9612c0000 - 0x00007ff9612fa000 	C:\Windows\SYSTEM32\IPHLPAPI.DLL
0x00007ff94df70000 - 0x00007ff94df7e000 	C:\Windows\System32\winrnr.dll
0x00007ff95de90000 - 0x00007ff95deac000 	C:\Windows\system32\NLAapi.dll
0x00007ff95d040000 - 0x00007ff95d055000 	C:\Windows\system32\wshbth.dll
0x00007ff958110000 - 0x00007ff95811a000 	C:\Windows\System32\rasadhlp.dll
0x00007ff95a0f0000 - 0x00007ff95a167000 	C:\Windows\System32\fwpuclnt.dll
0x00007ff961f80000 - 0x00007ff961fa6000 	C:\Windows\System32\bcrypt.dll
0x00007ff961120000 - 0x00007ff961153000 	C:\Windows\system32\rsaenh.dll
0x00007ff961ce0000 - 0x00007ff961d05000 	C:\Windows\SYSTEM32\USERENV.dll
0x00007ff961720000 - 0x00007ff96172c000 	C:\Windows\SYSTEM32\CRYPTBASE.dll
0x00007ff95b070000 - 0x00007ff95b086000 	C:\Windows\SYSTEM32\dhcpcsvc6.DLL
0x00007ff95aff0000 - 0x00007ff95b00c000 	C:\Windows\SYSTEM32\dhcpcsvc.DLL
0x00007ff9436a0000 - 0x00007ff9436ae000 	C:\Program Files\Java\jdk-19\bin\sunmscapi.dll
0x00007ff962bc0000 - 0x00007ff962d09000 	C:\Windows\System32\CRYPT32.dll
0x00007ff961eb0000 - 0x00007ff961ec2000 	C:\Windows\System32\MSASN1.dll
0x00007ff961870000 - 0x00007ff961896000 	C:\Windows\SYSTEM32\ncrypt.dll
0x00007ff961820000 - 0x00007ff96185b000 	C:\Windows\SYSTEM32\NTASN1.dll
0x00007ff94a4f0000 - 0x00007ff94a4f7000 	C:\Windows\system32\wshunix.dll

dbghelp: loaded successfully - version: 4.0.5 - missing functions: none
symbol engine: initialized successfully - sym options: 0x614 - pdb path: .;C:\Program Files\Java\jdk-19\bin;C:\Windows\SYSTEM32;C:\Windows\WinSxS\amd64_microsoft.windows.common-controls_6595b64144ccf1df_6.0.18362.1256_none_9e7e379be45e40e2;C:\Program Files\Java\jdk-19\bin\server;C:\Program Files\JetBrains\IntelliJ IDEA Community Edition 2022.2.3\bin

VM Arguments:
jvm_args: -javaagent:C:\Program Files\JetBrains\IntelliJ IDEA Community Edition 2022.2.3\lib\idea_rt.jar=53467:C:\Program Files\JetBrains\IntelliJ IDEA Community Edition 2022.2.3\bin -Dfile.encoding=UTF-8 -Dsun.stdout.encoding=UTF-8 -Dsun.stderr.encoding=UTF-8 
java_command: com.shubhamInstaWeb.InstagramApplication
java_class_path (initial): C:\Users\ASUS\Downloads\server\target\classes;C:\Users\ASUS\.m2\repository\io\jsonwebtoken\jjwt-jackson\0.11.1\jjwt-jackson-0.11.1.jar;C:\Users\ASUS\.m2\repository\com\fasterxml\jackson\core\jackson-databind\2.13.1\jackson-databind-2.13.1.jar;C:\Users\ASUS\.m2\repository\com\fasterxml\jackson\core\jackson-annotations\2.13.1\jackson-annotations-2.13.1.jar;C:\Users\ASUS\.m2\repository\com\fasterxml\jackson\core\jackson-core\2.13.1\jackson-core-2.13.1.jar;C:\Users\ASUS\.m2\repository\io\jsonwebtoken\jjwt-impl\0.11.1\jjwt-impl-0.11.1.jar;C:\Users\ASUS\.m2\repository\io\jsonwebtoken\jjwt-api\0.11.1\jjwt-api-0.11.1.jar;C:\Users\ASUS\.m2\repository\org\springframework\boot\spring-boot-starter-data-jpa\2.6.4\spring-boot-starter-data-jpa-2.6.4.jar;C:\Users\ASUS\.m2\repository\org\springframework\boot\spring-boot-starter-aop\2.6.4\spring-boot-starter-aop-2.6.4.jar;C:\Users\ASUS\.m2\repository\org\aspectj\aspectjweaver\1.9.7\aspectjweaver-1.9.7.jar;C:\Users\ASUS\.m2\repository\org\springframework\boot\spring-boot-starter-jdbc\2.6.4\spring-boot-starter-jdbc-2.6.4.jar;C:\Users\ASUS\.m2\repository\com\zaxxer\HikariCP\4.0.3\HikariCP-4.0.3.jar;C:\Users\ASUS\.m2\repository\org\springframework\spring-jdbc\5.3.16\spring-jdbc-5.3.16.jar;C:\Users\ASUS\.m2\repository\jakarta\transaction\jakarta.transaction-api\1.3.3\jakarta.transaction-api-1.3.3.jar;C:\Users\ASUS\.m2\repository\jakarta\persistence\jakarta.persistence-api\2.2.3\jakarta.persistence-api-2.2.3.jar;C:\Users\ASUS\.m2\repository\org\hibernate\hibernate-core\5.6.5.Final\hibernate-core-5.6.5.Final.jar;C:\Users\ASUS\.m2\repository\org\jboss\logging\jboss-logging\3.4.3.Final\jboss-logging-3.4.3.Final.jar;C:\Users\ASUS\.m2\repository\net\bytebuddy\byte-buddy\1.11.22\byte-buddy-1.11.22.jar;C:\Users\ASUS\.m2\repository\antlr\antlr\2.7.7\antlr-2.7.7.jar;C:\Users\ASUS\.m2\repository\org\jboss\jandex\2.4.2.Final\jandex-2.4.2.Final.jar;C:\Users\ASUS\.m2\repository\com\fasterxml\classmate\1.5.1\classmate-1.5.1.jar;C:\Users\ASUS\.m2\repository\org\hibernate\common\hibernate-commons-annotations\5.1.2.Final\hibernate-commons-annotations-5.1.2.Final.jar;C:\Users\ASUS\.m2\repository\org\glassfish\jaxb\jaxb-runtime\2.3.6\jaxb-runtime-2.3.6.jar;C:\Users\ASUS\.m2\repository\org\glassfish\jaxb\txw2\2.3.6\txw2-2.3.6.jar;C:\Users\ASUS\.m2\repository\com\sun\istack\istack-commons-runtime\3.0.12\istack-commons-runtime-3.0.12.jar;C:\Users\ASUS\.m2\repository\com\sun\activation\jakarta.activation\1.2.2\jakarta.activation-1.2.2.jar;C:\Users\ASUS\.m2\repository\org\springframework\data\spring-data-jpa\2.6.2\spring-data-jpa-2.6.2.jar;C:\Users\ASUS\.m2\repository\org\springframework\data\spring-data-commons\2.6.2\spring-data-commons-2.6.2.jar;C:\Users\ASUS\.m2\repository\org\springframework\spring-orm\5.3.16\spring-orm-5.3.16.jar;C:\Users\ASUS\.m2\repository\org\springframework\spring-context\5.3.16\spring-context-5.3.16.jar;C:\Users\ASUS\.m2\repository\org\springframework\spring-tx\5.3.16\spring-tx-5.3.16.jar;C:\Users\ASUS\.m2\repository\org\springframework\spring-beans\5.3.16\spring-beans-5.3.16.jar;C:\Users\ASUS\.m2\repository\org\slf4j\slf4j-api\1.7.36\slf4j-api-1.7.36.jar;C:\Users\ASUS\.m2\repository\org\springframework\spring-aspects\5.3.16\spring-aspects-5.3.16.jar;C:\Users\ASUS\.m2\repository\mysql\mysql-connector-java\8.0.28\mysql-connector-java-8.0.28.jar;C:\Users\ASUS\.m2\repository\org\springframework\boot\spring-boot-starter-security\2.6.4\spring-boot-starter-security-2.6.4.jar;C:\Users\ASUS\.m2\repository\org\springframework\boot\spring-boot-starter\2.6.4\spring-boot-starter-2.6.4.jar;C:\Users\ASUS\.m2\repository\org\springframework\boot\spring-boot-starter-logging\2.6.4\spring-boot-starter-logging-2.6.4.jar;C:\Users\ASUS\.m2\repository\ch\qos\logback\logback-classic\1.2.10\logback-classic-1.2.10.jar;C:\Users\ASUS\.m2\repository\ch\qos\logback\logback-core\1.2.10\logback-core-1.2.10.jar;C:\Users\ASUS\.m2\repository\org\apache\logging\log4j\log4j-to-slf4j\2.17.1\log4j-to-slf4j-2.17.1.jar;C:\Users\ASUS\.m2\repository\org\apache\logging\log4j\log4j-api\2.17.1\log4j-api-2.17.1.jar;C:\Users\ASUS\.m2\repository\org\slf4j\jul-to-slf4j\1.7.36\jul-to-slf4j-1.7.36.jar;C:\Users\ASUS\.m2\repository\jakarta\annotation\jakarta.annotation-api\1.3.5\jakarta.annotation-api-1.3.5.jar;C:\Users\ASUS\.m2\repository\org\yaml\snakeyaml\1.29\snakeyaml-1.29.jar;C:\Users\ASUS\.m2\repository\org\springframework\spring-aop\5.3.16\spring-aop-5.3.16.jar;C:\Users\ASUS\.m2\repository\org\springframework\security\spring-security-config\5.6.2\spring-security-config-5.6.2.jar;C:\Users\ASUS\.m2\repository\org\springframework\security\spring-security-web\5.6.2\spring-security-web-5.6.2.jar;C:\Users\ASUS\.m2\repository\org\springframework\spring-expression\5.3.16\spring-expression-5.3.16.jar;C:\Users\ASUS\.m2\repository\org\springframework\boot\spring-boot-starter-validation\2.6.4\spring-boot-starter-validation-2.6.4.jar;C:\Users\ASUS\.m2\repository\org\apache\tomcat\embed\tomcat-embed-el\9.0.58\tomcat-embed-el-9.0.58.jar;C:\Users\ASUS\.m2\repository\org\hibernate\validator\hibernate-validator\6.2.2.Final\hibernate-validator-6.2.2.Final.jar;C:\Users\ASUS\.m2\repository\jakarta\validation\jakarta.validation-api\2.0.2\jakarta.validation-api-2.0.2.jar;C:\Users\ASUS\.m2\repository\org\springframework\boot\spring-boot-starter-web\2.6.4\spring-boot-starter-web-2.6.4.jar;C:\Users\ASUS\.m2\repository\org\springframework\boot\spring-boot-starter-json\2.6.4\spring-boot-starter-json-2.6.4.jar;C:\Users\ASUS\.m2\repository\com\fasterxml\jackson\datatype\jackson-datatype-jdk8\2.13.1\jackson-datatype-jdk8-2.13.1.jar;C:\Users\ASUS\.m2\repository\com\fasterxml\jackson\datatype\jackson-datatype-jsr310\2.13.1\jackson-datatype-jsr310-2.13.1.jar;C:\Users\ASUS\.m2\repository\com\fasterxml\jackson\module\jackson-module-parameter-names\2.13.1\jackson-module-parameter-names-2.13.1.jar;C:\Users\ASUS\.m2\repository\org\springframework\boot\spring-boot-starter-tomcat\2.6.4\spring-boot-starter-tomcat-2.6.4.jar;C:\Users\ASUS\.m2\repository\org\apache\tomcat\embed\tomcat-embed-core\9.0.58\tomcat-embed-core-9.0.58.jar;C:\Users\ASUS\.m2\repository\org\apache\tomcat\embed\tomcat-embed-websocket\9.0.58\tomcat-embed-websocket-9.0.58.jar;C:\Users\ASUS\.m2\repository\org\springframework\spring-web\5.3.16\spring-web-5.3.16.jar;C:\Users\ASUS\.m2\repository\org\springframework\spring-webmvc\5.3.16\spring-webmvc-5.3.16.jar;C:\Users\ASUS\.m2\repository\org\springframework\boot\spring-boot-devtools\2.6.4\spring-boot-devtools-2.6.4.jar;C:\Users\ASUS\.m2\repository\org\springframework\boot\spring-boot\2.6.4\spring-boot-2.6.4.jar;C:\Users\ASUS\.m2\repository\org\springframework\boot\spring-boot-autoconfigure\2.6.4\spring-boot-autoconfigure-2.6.4.jar;C:\Users\ASUS\.m2\repository\jakarta\xml\bind\jakarta.xml.bind-api\2.3.3\jakarta.xml.bind-api-2.3.3.jar;C:\Users\ASUS\.m2\repository\jakarta\activation\jakarta.activation-api\1.2.2\jakarta.activation-api-1.2.2.jar;C:\Users\ASUS\.m2\repository\org\springframework\spring-core\5.3.16\spring-core-5.3.16.jar;C:\Users\ASUS\.m2\repository\org\springframework\spring-jcl\5.3.16\spring-jcl-5.3.16.jar;C:\Users\ASUS\.m2\repository\org\springframework\security\spring-security-core\5.6.2\spring-security-core-5.6.2.jar;C:\Users\ASUS\.m2\repository\org\springframework\security\spring-security-crypto\5.6.2\spring-security-crypto-5.6.2.jar
Launcher Type: SUN_STANDARD

[Global flags]
     intx CICompilerCount                          = 4                                         {product} {ergonomic}
     uint ConcGCThreads                            = 2                                         {product} {ergonomic}
     uint G1ConcRefinementThreads                  = 8                                         {product} {ergonomic}
   size_t G1HeapRegionSize                         = 1048576                                   {product} {ergonomic}
    uintx GCDrainStackTargetSize                   = 64                                        {product} {ergonomic}
   size_t InitialHeapSize                          = 58720256                                  {product} {ergonomic}
   size_t MarkStackSize                            = 4194304                                   {product} {ergonomic}
   size_t MaxHeapSize                              = 926941184                                 {product} {ergonomic}
   size_t MaxNewSize                               = 555745280                                 {product} {ergonomic}
   size_t MinHeapDeltaBytes                        = 1048576                                   {product} {ergonomic}
   size_t MinHeapSize                              = 8388608                                   {product} {ergonomic}
    uintx NonNMethodCodeHeapSize                   = 5839372                                {pd product} {ergonomic}
    uintx NonProfiledCodeHeapSize                  = 122909434                              {pd product} {ergonomic}
    uintx ProfiledCodeHeapSize                     = 122909434                              {pd product} {ergonomic}
    uintx ReservedCodeCacheSize                    = 251658240                              {pd product} {ergonomic}
     bool SegmentedCodeCache                       = true                                      {product} {ergonomic}
   size_t SoftMaxHeapSize                          = 926941184                              {manageable} {ergonomic}
     bool UseCompressedClassPointers               = true                           {product lp64_product} {ergonomic}
     bool UseCompressedOops                        = true                           {product lp64_product} {ergonomic}
     bool UseG1GC                                  = true                                      {product} {ergonomic}
     bool UseLargePagesIndividualAllocation        = false                                  {pd product} {ergonomic}

Logging:
Log output configuration:
 #0: stdout all=warning uptime,level,tags foldmultilines=false
 #1: stderr all=off uptime,level,tags foldmultilines=false

Environment Variables:
JAVA_HOME=C:\Program Files (x86)\Java\jdk-18.0.2
CLASSPATH=D:\Program Files\mysql-connector-j-8.0.31;.;
PATH=C:\Program Files\Common Files\Oracle\Java\javapath;C:\Windows\system32;C:\Windows;C:\Windows\System32\Wbem;C:\Windows\System32\WindowsPowerShell\v1.0\;C:\Windows\System32\OpenSSH\;C:\Program Files (x86)\Java\jdk-18.0.2\bin;C:\Program Files\Java\jdk-19\bin;C:\MinGW\bin;C:\Program Files\Git\cmd;C:\Program Files\mongosh\bin;C:\Program Files (x86)\Microsoft SQL Server\160\Tools\Binn\;C:\Program Files\Microsoft SQL Server\160\Tools\Binn\;C:\Program Files\Microsoft SQL Server\Client SDK\ODBC\170\Tools\Binn\;C:\Program Files\Microsoft SQL Server\160\DTS\Binn\;C:\Program Files (x86)\Microsoft SQL Server\160\DTS\Binn\;C:\Program Files\Azure Data Studio\bin;C:\sqlite;C:\Program Files\nodejs\;C:\ProgramData\chocolatey\bin;C:\Program Files\MySQL\MySQL Shell 8.0\bin\;C:\Users\ASUS\AppData\Local\Microsoft\WindowsApps;C:\Program Files\JetBrains\IntelliJ IDEA Community Edition 2022.2.3\bin;;C:\Users\ASUS\AppData\Local\Programs\Microsoft VS Code\bin;C:\Program Files\JetBrains\PyCharm Community Edition 2022.3.1\bin;;C:\Users\Ishika_Shaw\Python\Python39\python.exe;C:\Program Files\MongoDB\Server\6.0\bin;C:\Users\ASUS\AppData\Local\GitHubDesktop\bin;C:\Program Files\Azure Data Studio\bin;C:\PyCharm 2023.1.4\bin;;C:\Users\ASUS\AppData\Roaming\npm
USERNAME=ASUS
OS=Windows_NT
PROCESSOR_IDENTIFIER=AMD64 Family 23 Model 17 Stepping 0, AuthenticAMD
TMP=C:\Users\ASUS\AppData\Local\Temp
TEMP=C:\Users\ASUS\AppData\Local\Temp



---------------  S Y S T E M  ---------------

OS:
 Windows 10 , 64 bit Build 18362 (10.0.18362.1110)
OS uptime: 0 days 15:18 hours
Hyper-V role detected

CPU: total 8 (initial active 8) (8 cores per cpu, 2 threads per core) family 23 model 17 stepping 0 microcode 0x0, cx8, cmov, fxsr, ht, mmx, 3dnowpref, sse, sse2, sse3, ssse3, sse4a, sse4.1, sse4.2, popcnt, lzcnt, tsc, tscinvbit, avx, avx2, aes, clmul, bmi1, bmi2, adx, sha, fma, vzeroupper, clflush, clflushopt, hv, rdtscp

Memory: 4k page, system-wide physical 3533M (100M free)
TotalPageFile size 14285M (AvailPageFile size 5M)
current process WorkingSet (physical memory assigned to process): 175M, peak: 240M
current process commit charge ("private bytes"): 435M, peak: 441M

vm_info: Java HotSpot(TM) 64-Bit Server VM (19+36-2238) for windows-amd64 JRE (19+36-2238), built on 2022-08-12T20:29:01Z by "mach5one" with MS VC++ 17.1 (VS2022)

END.
